#
# A fatal error has been detected by the Java Runtime Environment:
#
#  EXCEPTION_ACCESS_VIOLATION (0xc0000005) at pc=0x00007ffbb4b5343c, pid=4436, tid=8344
#
# JRE version: OpenJDK Runtime Environment Corretto-11.0.18.10.1 (11.0.18+10) (build 11.0.18+10-LTS)
# Java VM: OpenJDK 64-Bit Server VM Corretto-11.0.18.10.1 (11.0.18+10-LTS, mixed mode, tiered, compressed oops, g1 gc, windows-amd64)
# Problematic frame:
# V  [jvm.dll+0x25343c]
#
# No core dump will be written. Minidumps are not enabled by default on client versions of Windows
#
# If you would like to submit a bug report, please visit:
#   https://github.com/corretto/corretto-11/issues/
#

---------------  S U M M A R Y ------------

Command Line: -javaagent:C:\\Users\\user\\.m2\\repository\\org\\jacoco\\org.jacoco.agent\\0.8.5\\org.jacoco.agent-0.8.5-runtime.jar=destfile=C:\\NETOLOGY\\java\\continuousintegration\\target\\jacoco.exec C:\Users\user\AppData\Local\Temp\surefire12622561347042847246\surefirebooter6492189715237606699.jar C:\Users\user\AppData\Local\Temp\surefire12622561347042847246 2023-04-08T16-09-07_888-jvmRun1 surefire17219006242404801235tmp surefire_07660779354340089286tmp

Host: Intel(R) Core(TM) i5-2430M CPU @ 2.40GHz, 4 cores, 7G,  Windows 10 , 64 bit Build 19041 (10.0.19041.1806)
Time: Sat Apr  8 16:09:09 2023  Windows 10 , 64 bit Build 19041 (10.0.19041.1806) elapsed time: 0.688162 seconds (0d 0h 0m 0s)

---------------  T H R E A D  ---------------

Current thread (0x000001bdff1ed800):  JavaThread "C1 CompilerThread0" daemon [_thread_in_native, id=8344, stack(0x00000010dff00000,0x00000010e0000000)]


Current CompileTask:
C1:    688  614       3       org.jacoco.agent.rt.internal_43f5073.asm.ClassReader::readCode (5089 bytes)

Stack: [0x00000010dff00000,0x00000010e0000000],  sp=0x00000010dfffeac0,  free space=1018k
Native frames: (J=compiled Java code, j=interpreted, Vv=VM code, C=native code)
V  [jvm.dll+0x25343c]
V  [jvm.dll+0x252e39]
V  [jvm.dll+0x140e07]
V  [jvm.dll+0x140d95]
V  [jvm.dll+0x146fe7]
V  [jvm.dll+0x128891]
V  [jvm.dll+0x1481b2]
V  [jvm.dll+0x12aba3]
V  [jvm.dll+0x12a66a]
V  [jvm.dll+0x12a84f]
V  [jvm.dll+0x129af4]
V  [jvm.dll+0x12ba07]
V  [jvm.dll+0x217ac4]
V  [jvm.dll+0x215d0b]
V  [jvm.dll+0x772d90]
V  [jvm.dll+0x76bcc4]
V  [jvm.dll+0x621c05]
C  [ucrtbase.dll+0x21bb2]
C  [KERNEL32.DLL+0x17034]
C  [ntdll.dll+0x52651]


siginfo: EXCEPTION_ACCESS_VIOLATION (0xc0000005), reading address 0x000001b9e4826c10


Register to memory mapping:

RIP=0x00007ffbb4b5343c jvm.dll
RAX=0x000001bd867184a0 points into unknown readable memory: 0x000001bd86715570 | 70 55 71 86 bd 01 00 00
RBX=0x000001bd86718480 points into unknown readable memory: 0x0000000300000003 | 03 00 00 00 03 00 00 00
RCX=0x000001b9e4826c10 is an unknown value
RDX=0x000001bd86570bc0 points into unknown readable memory: 0x000001bd8677ad30 | 30 ad 77 86 bd 01 00 00
RSP=0x00000010dfffeac0 is pointing into the stack for thread: 0x000001bdff1ed800
RBP=0x000001bdff1eb4a0 points into unknown readable memory: 0x000001bd86573d60 | 60 3d 57 86 bd 01 00 00
RSI=0x0000000000003282 is an unknown value
RDI=0x0000000000000002 is an unknown value
R8 =0x000001bd86570bc0 points into unknown readable memory: 0x000001bd8677ad30 | 30 ad 77 86 bd 01 00 00
R9 =0x000001bd8670a160 points into unknown readable memory: 0x00000008000022c9 | c9 22 00 00 08 00 00 00
R10=0x000000000000000b is an unknown value
R11=0x00000010dfffeb00 is pointing into the stack for thread: 0x000001bdff1ed800
R12=0x0 is NULL
R13=0x00000010dfffefe0 is pointing into the stack for thread: 0x000001bdff1ed800
R14=0x0000000000000010 is an unknown value
R15=0x0 is NULL


Registers:
RAX=0x000001bd867184a0, RBX=0x000001bd86718480, RCX=0x000001b9e4826c10, RDX=0x000001bd86570bc0
RSP=0x00000010dfffeac0, RBP=0x000001bdff1eb4a0, RSI=0x0000000000003282, RDI=0x0000000000000002
R8 =0x000001bd86570bc0, R9 =0x000001bd8670a160, R10=0x000000000000000b, R11=0x00000010dfffeb00
R12=0x0000000000000000, R13=0x00000010dfffefe0, R14=0x0000000000000010, R15=0x0000000000000000
RIP=0x00007ffbb4b5343c, EFLAGS=0x0000000000010297

Top of Stack: (sp=0x00000010dfffeac0)
0x00000010dfffeac0:   000001bd000001d3 000001bd86718480
0x00000010dfffead0:   00000010dfffed00 0000000000003214
0x00000010dfffeae0:   000001bdff1eb4a0 00007ffbb4b52e39
0x00000010dfffeaf0:   000001bd867184c0 ffffffffffffffff
0x00000010dfffeb00:   0000000000010e60 000001bd86509510
0x00000010dfffeb10:   ffffffffffffffff 00007ffbb4a40e07
0x00000010dfffeb20:   000001bd86509510 000001bdff1eb4a0
0x00000010dfffeb30:   000001bd867184c0 00007ffbb4b25908
0x00000010dfffeb40:   0000000000000000 0000000000000000
0x00000010dfffeb50:   00000010dfffed20 000001bdff191440
0x00000010dfffeb60:   000000000000000c 00007ffbb4b52ca9
0x00000010dfffeb70:   000001bdff1eb4a0 00007ffbb4b52cf7
0x00000010dfffeb80:   000001bd8678e9d0 0000000000010e60
0x00000010dfffeb90:   000001bdff191440 000001bdff1eb4a0
0x00000010dfffeba0:   ffffffffffffffff 00007ffbb4a40d95
0x00000010dfffebb0:   000001bd86509510 0000000000010e60 

Instructions: (pc=0x00007ffbb4b5343c)
0x00007ffbb4b5333c:   24 38 48 8b 6c 24 40 48 8b 74 24 48 48 83 c4 20
0x00007ffbb4b5334c:   5f c3 cc cc 40 53 48 83 ec 20 8b 51 44 48 8b d9
0x00007ffbb4b5335c:   85 d2 7f 27 4c 8d 0d 51 e2 63 00 ba bc 00 00 00
0x00007ffbb4b5336c:   4c 8d 05 6d e2 63 00 48 8d 0d 96 e2 63 00 e8 81
0x00007ffbb4b5337c:   c9 ff ff e8 3c 7b 3c 00 8b 53 44 48 8b 43 38 48
0x00007ffbb4b5338c:   63 ca 48 03 c9 81 7c c8 f0 ff ff ff 7f 74 10 ba
0x00007ffbb4b5339c:   ff ff ff 7f 48 8b cb e8 88 f8 ff ff 8b 53 44 c1
0x00007ffbb4b533ac:   e2 04 8b c2 48 83 c4 20 5b c3 cc cc cc cc cc cc
0x00007ffbb4b533bc:   cc cc cc cc 48 89 5c 24 20 55 48 83 ec 20 48 8b
0x00007ffbb4b533cc:   da 48 8b e9 48 85 d2 0f 84 a8 00 00 00 8b 12 85
0x00007ffbb4b533dc:   d2 0f 84 9e 00 00 00 4c 8b 41 10 48 89 74 24 30
0x00007ffbb4b533ec:   48 89 7c 24 38 49 63 70 08 81 fa c0 00 00 00 73
0x00007ffbb4b533fc:   12 41 3b 70 10 7d 0c 49 8b 00 88 14 06 41 ff 40
0x00007ffbb4b5340c:   08 eb 08 49 8b c8 e8 b9 28 fd ff 33 ff 39 3b 7e
0x00007ffbb4b5341c:   34 4c 89 74 24 40 44 8b f7 66 66 66 0f 1f 84 00
0x00007ffbb4b5342c:   00 00 00 00 48 8b 43 18 48 8b 55 10 49 8b 0c 06
0x00007ffbb4b5343c:   48 8b 01 ff 50 38 ff c7 4d 8d 76 08 3b 3b 7c e4
0x00007ffbb4b5344c:   4c 8b 74 24 40 8b d6 48 8b cd e8 25 fe ff ff 48
0x00007ffbb4b5345c:   8b 7c 24 38 8b c8 85 c0 74 09 48 8b 45 10 89 70
0x00007ffbb4b5346c:   08 8b f1 8b c6 48 8b 74 24 30 48 8b 5c 24 48 48
0x00007ffbb4b5347c:   83 c4 20 5d c3 48 8b 5c 24 48 33 c0 48 83 c4 20
0x00007ffbb4b5348c:   5d c3 cc cc 0f b6 44 24 30 88 44 24 28 e9 62 ca
0x00007ffbb4b5349c:   4e 00 cc cc e9 0b cc 4e 00 cc cc cc cc cc cc cc
0x00007ffbb4b534ac:   cc cc cc cc 40 53 48 83 ec 20 48 8b d9 e8 b2 c3
0x00007ffbb4b534bc:   58 00 48 8b cb 48 83 c4 20 5b e9 15 cf 4e 00 cc
0x00007ffbb4b534cc:   cc cc cc cc 48 89 4c 24 08 48 89 54 24 10 4c 89
0x00007ffbb4b534dc:   44 24 18 4c 89 4c 24 20 48 83 ec 28 4c 8b c1 4c
0x00007ffbb4b534ec:   8d 4c 24 38 48 8d 0d 79 e5 85 00 ba 01 00 00 00
0x00007ffbb4b534fc:   e8 cf c4 2c 00 48 83 c4 28 c3 cc cc cc cc cc cc
0x00007ffbb4b5350c:   cc cc cc cc 48 89 4c 24 08 48 89 54 24 10 4c 89
0x00007ffbb4b5351c:   44 24 18 4c 89 4c 24 20 48 83 ec 28 4c 8b c1 4c
0x00007ffbb4b5352c:   8d 4c 24 38 48 8d 0d a9 e5 85 00 ba 01 00 00 00 


Stack slot to memory mapping:
stack at sp + 0 slots: 0x000001bd000001d3 is an unknown value
stack at sp + 1 slots: 0x000001bd86718480 points into unknown readable memory: 0x0000000300000003 | 03 00 00 00 03 00 00 00
stack at sp + 2 slots: 0x00000010dfffed00 is pointing into the stack for thread: 0x000001bdff1ed800
stack at sp + 3 slots: 0x0000000000003214 is an unknown value
stack at sp + 4 slots: 0x000001bdff1eb4a0 points into unknown readable memory: 0x000001bd86573d60 | 60 3d 57 86 bd 01 00 00
stack at sp + 5 slots: 0x00007ffbb4b52e39 jvm.dll
stack at sp + 6 slots: 0x000001bd867184c0 points into unknown readable memory: 0x000001bd8609ba40 | 40 ba 09 86 bd 01 00 00
stack at sp + 7 slots: 0xffffffffffffffff is an unknown value


---------------  P R O C E S S  ---------------

Threads class SMR info:
_java_thread_list=0x000001bd85fec090, length=12, elements={
0x000001bde693d000, 0x000001bdff1bc000, 0x000001bdff1c5800, 0x000001bdff1d8000,
0x000001bdff1d9000, 0x000001bdff1da000, 0x000001bdff1e6800, 0x000001bdff1ed800,
0x000001bdff1f0800, 0x000001bdff150000, 0x000001bdffcc1000, 0x000001bd85fe1000
}

Java Threads: ( => current thread )
  0x000001bde693d000 JavaThread "main" [_thread_in_Java, id=2996, stack(0x00000010df200000,0x00000010df300000)]
  0x000001bdff1bc000 JavaThread "Reference Handler" daemon [_thread_blocked, id=11488, stack(0x00000010df900000,0x00000010dfa00000)]
  0x000001bdff1c5800 JavaThread "Finalizer" daemon [_thread_blocked, id=5976, stack(0x00000010dfa00000,0x00000010dfb00000)]
  0x000001bdff1d8000 JavaThread "Signal Dispatcher" daemon [_thread_blocked, id=5436, stack(0x00000010dfb00000,0x00000010dfc00000)]
  0x000001bdff1d9000 JavaThread "Attach Listener" daemon [_thread_blocked, id=2216, stack(0x00000010dfc00000,0x00000010dfd00000)]
  0x000001bdff1da000 JavaThread "Service Thread" daemon [_thread_blocked, id=4560, stack(0x00000010dfd00000,0x00000010dfe00000)]
  0x000001bdff1e6800 JavaThread "C2 CompilerThread0" daemon [_thread_blocked, id=7116, stack(0x00000010dfe00000,0x00000010dff00000)]
=>0x000001bdff1ed800 JavaThread "C1 CompilerThread0" daemon [_thread_in_native, id=8344, stack(0x00000010dff00000,0x00000010e0000000)]
  0x000001bdff1f0800 JavaThread "Sweeper thread" daemon [_thread_blocked, id=7676, stack(0x00000010e0000000,0x00000010e0100000)]
  0x000001bdff150000 JavaThread "Common-Cleaner" daemon [_thread_blocked, id=5652, stack(0x00000010e0100000,0x00000010e0200000)]
  0x000001bdffcc1000 JavaThread "C2 CompilerThread1" daemon [_thread_in_native, id=8240, stack(0x00000010e0200000,0x00000010e0300000)]
  0x000001bd85fe1000 JavaThread "surefire-forkedjvm-command-thread" daemon [_thread_in_native, id=5692, stack(0x00000010e0400000,0x00000010e0500000)]

Other Threads:
  0x000001bdff195000 VMThread "VM Thread" [stack: 0x00000010df800000,0x00000010df900000] [id=11904]
  0x000001bd85fe0800 WatcherThread [stack: 0x00000010e0300000,0x00000010e0400000] [id=1420]
  0x000001bde6954800 GCTaskThread "GC Thread#0" [stack: 0x00000010df300000,0x00000010df400000] [id=5744]
  0x000001bde6988000 ConcurrentGCThread "G1 Main Marker" [stack: 0x00000010df400000,0x00000010df500000] [id=9832]
  0x000001bde698a800 ConcurrentGCThread "G1 Conc#0" [stack: 0x00000010df500000,0x00000010df600000] [id=3984]
  0x000001bde6a1e000 ConcurrentGCThread "G1 Refine#0" [stack: 0x00000010df600000,0x00000010df700000] [id=6032]
  0x000001bdff000800 ConcurrentGCThread "G1 Young RemSet Sampling" [stack: 0x00000010df700000,0x00000010df800000] [id=7448]

Threads with active compile tasks:
C1 CompilerThread0      881  614       3       org.jacoco.agent.rt.internal_43f5073.asm.ClassReader::readCode (5089 bytes)
C2 CompilerThread1      881  688       4       java.util.HashMap::resize (356 bytes)

VM state:not at safepoint (normal execution)

VM Mutex/Monitor currently owned by a thread: None

Heap address: 0x0000000080c00000, size: 2036 MB, Compressed Oops mode: 32-bit
Narrow klass base: 0x0000000000000000, Narrow klass shift: 3
Compressed class space size: 1073741824 Address: 0x0000000100000000

Heap:
 garbage-first heap   total 131072K, used 12288K [0x0000000080c00000, 0x0000000100000000)
  region size 1024K, 13 young (13312K), 0 survivors (0K)
 Metaspace       used 10147K, capacity 10338K, committed 10496K, reserved 1058816K
  class space    used 910K, capacity 976K, committed 1024K, reserved 1048576K
Heap Regions: E=young(eden), S=young(survivor), O=old, HS=humongous(starts), HC=humongous(continues), CS=collection set, F=free, A=archive, TAMS=top-at-mark-start (previous, next)
|   0|0x0000000080c00000, 0x0000000080c00000, 0x0000000080d00000|  0%| F|  |TAMS 0x0000000080c00000, 0x0000000080c00000| Untracked 
|   1|0x0000000080d00000, 0x0000000080d00000, 0x0000000080e00000|  0%| F|  |TAMS 0x0000000080d00000, 0x0000000080d00000| Untracked 
|   2|0x0000000080e00000, 0x0000000080e00000, 0x0000000080f00000|  0%| F|  |TAMS 0x0000000080e00000, 0x0000000080e00000| Untracked 
|   3|0x0000000080f00000, 0x0000000080f00000, 0x0000000081000000|  0%| F|  |TAMS 0x0000000080f00000, 0x0000000080f00000| Untracked 
|   4|0x0000000081000000, 0x0000000081000000, 0x0000000081100000|  0%| F|  |TAMS 0x0000000081000000, 0x0000000081000000| Untracked 
|   5|0x0000000081100000, 0x0000000081100000, 0x0000000081200000|  0%| F|  |TAMS 0x0000000081100000, 0x0000000081100000| Untracked 
|   6|0x0000000081200000, 0x0000000081200000, 0x0000000081300000|  0%| F|  |TAMS 0x0000000081200000, 0x0000000081200000| Untracked 
|   7|0x0000000081300000, 0x0000000081300000, 0x0000000081400000|  0%| F|  |TAMS 0x0000000081300000, 0x0000000081300000| Untracked 
|   8|0x0000000081400000, 0x0000000081400000, 0x0000000081500000|  0%| F|  |TAMS 0x0000000081400000, 0x0000000081400000| Untracked 
|   9|0x0000000081500000, 0x0000000081500000, 0x0000000081600000|  0%| F|  |TAMS 0x0000000081500000, 0x0000000081500000| Untracked 
|  10|0x0000000081600000, 0x0000000081600000, 0x0000000081700000|  0%| F|  |TAMS 0x0000000081600000, 0x0000000081600000| Untracked 
|  11|0x0000000081700000, 0x0000000081700000, 0x0000000081800000|  0%| F|  |TAMS 0x0000000081700000, 0x0000000081700000| Untracked 
|  12|0x0000000081800000, 0x0000000081800000, 0x0000000081900000|  0%| F|  |TAMS 0x0000000081800000, 0x0000000081800000| Untracked 
|  13|0x0000000081900000, 0x0000000081900000, 0x0000000081a00000|  0%| F|  |TAMS 0x0000000081900000, 0x0000000081900000| Untracked 
|  14|0x0000000081a00000, 0x0000000081a00000, 0x0000000081b00000|  0%| F|  |TAMS 0x0000000081a00000, 0x0000000081a00000| Untracked 
|  15|0x0000000081b00000, 0x0000000081b00000, 0x0000000081c00000|  0%| F|  |TAMS 0x0000000081b00000, 0x0000000081b00000| Untracked 
|  16|0x0000000081c00000, 0x0000000081c00000, 0x0000000081d00000|  0%| F|  |TAMS 0x0000000081c00000, 0x0000000081c00000| Untracked 
|  17|0x0000000081d00000, 0x0000000081d00000, 0x0000000081e00000|  0%| F|  |TAMS 0x0000000081d00000, 0x0000000081d00000| Untracked 
|  18|0x0000000081e00000, 0x0000000081e00000, 0x0000000081f00000|  0%| F|  |TAMS 0x0000000081e00000, 0x0000000081e00000| Untracked 
|  19|0x0000000081f00000, 0x0000000081f00000, 0x0000000082000000|  0%| F|  |TAMS 0x0000000081f00000, 0x0000000081f00000| Untracked 
|  20|0x0000000082000000, 0x0000000082000000, 0x0000000082100000|  0%| F|  |TAMS 0x0000000082000000, 0x0000000082000000| Untracked 
|  21|0x0000000082100000, 0x0000000082100000, 0x0000000082200000|  0%| F|  |TAMS 0x0000000082100000, 0x0000000082100000| Untracked 
|  22|0x0000000082200000, 0x0000000082200000, 0x0000000082300000|  0%| F|  |TAMS 0x0000000082200000, 0x0000000082200000| Untracked 
|  23|0x0000000082300000, 0x0000000082300000, 0x0000000082400000|  0%| F|  |TAMS 0x0000000082300000, 0x0000000082300000| Untracked 
|  24|0x0000000082400000, 0x0000000082400000, 0x0000000082500000|  0%| F|  |TAMS 0x0000000082400000, 0x0000000082400000| Untracked 
|  25|0x0000000082500000, 0x0000000082500000, 0x0000000082600000|  0%| F|  |TAMS 0x0000000082500000, 0x0000000082500000| Untracked 
|  26|0x0000000082600000, 0x0000000082600000, 0x0000000082700000|  0%| F|  |TAMS 0x0000000082600000, 0x0000000082600000| Untracked 
|  27|0x0000000082700000, 0x0000000082700000, 0x0000000082800000|  0%| F|  |TAMS 0x0000000082700000, 0x0000000082700000| Untracked 
|  28|0x0000000082800000, 0x0000000082800000, 0x0000000082900000|  0%| F|  |TAMS 0x0000000082800000, 0x0000000082800000| Untracked 
|  29|0x0000000082900000, 0x0000000082900000, 0x0000000082a00000|  0%| F|  |TAMS 0x0000000082900000, 0x0000000082900000| Untracked 
|  30|0x0000000082a00000, 0x0000000082a00000, 0x0000000082b00000|  0%| F|  |TAMS 0x0000000082a00000, 0x0000000082a00000| Untracked 
|  31|0x0000000082b00000, 0x0000000082b00000, 0x0000000082c00000|  0%| F|  |TAMS 0x0000000082b00000, 0x0000000082b00000| Untracked 
|  32|0x0000000082c00000, 0x0000000082c00000, 0x0000000082d00000|  0%| F|  |TAMS 0x0000000082c00000, 0x0000000082c00000| Untracked 
|  33|0x0000000082d00000, 0x0000000082d00000, 0x0000000082e00000|  0%| F|  |TAMS 0x0000000082d00000, 0x0000000082d00000| Untracked 
|  34|0x0000000082e00000, 0x0000000082e00000, 0x0000000082f00000|  0%| F|  |TAMS 0x0000000082e00000, 0x0000000082e00000| Untracked 
|  35|0x0000000082f00000, 0x0000000082f00000, 0x0000000083000000|  0%| F|  |TAMS 0x0000000082f00000, 0x0000000082f00000| Untracked 
|  36|0x0000000083000000, 0x0000000083000000, 0x0000000083100000|  0%| F|  |TAMS 0x0000000083000000, 0x0000000083000000| Untracked 
|  37|0x0000000083100000, 0x0000000083100000, 0x0000000083200000|  0%| F|  |TAMS 0x0000000083100000, 0x0000000083100000| Untracked 
|  38|0x0000000083200000, 0x0000000083200000, 0x0000000083300000|  0%| F|  |TAMS 0x0000000083200000, 0x0000000083200000| Untracked 
|  39|0x0000000083300000, 0x0000000083300000, 0x0000000083400000|  0%| F|  |TAMS 0x0000000083300000, 0x0000000083300000| Untracked 
|  40|0x0000000083400000, 0x0000000083400000, 0x0000000083500000|  0%| F|  |TAMS 0x0000000083400000, 0x0000000083400000| Untracked 
|  41|0x0000000083500000, 0x0000000083500000, 0x0000000083600000|  0%| F|  |TAMS 0x0000000083500000, 0x0000000083500000| Untracked 
|  42|0x0000000083600000, 0x0000000083600000, 0x0000000083700000|  0%| F|  |TAMS 0x0000000083600000, 0x0000000083600000| Untracked 
|  43|0x0000000083700000, 0x0000000083700000, 0x0000000083800000|  0%| F|  |TAMS 0x0000000083700000, 0x0000000083700000| Untracked 
|  44|0x0000000083800000, 0x0000000083800000, 0x0000000083900000|  0%| F|  |TAMS 0x0000000083800000, 0x0000000083800000| Untracked 
|  45|0x0000000083900000, 0x0000000083900000, 0x0000000083a00000|  0%| F|  |TAMS 0x0000000083900000, 0x0000000083900000| Untracked 
|  46|0x0000000083a00000, 0x0000000083a00000, 0x0000000083b00000|  0%| F|  |TAMS 0x0000000083a00000, 0x0000000083a00000| Untracked 
|  47|0x0000000083b00000, 0x0000000083b00000, 0x0000000083c00000|  0%| F|  |TAMS 0x0000000083b00000, 0x0000000083b00000| Untracked 
|  48|0x0000000083c00000, 0x0000000083c00000, 0x0000000083d00000|  0%| F|  |TAMS 0x0000000083c00000, 0x0000000083c00000| Untracked 
|  49|0x0000000083d00000, 0x0000000083d00000, 0x0000000083e00000|  0%| F|  |TAMS 0x0000000083d00000, 0x0000000083d00000| Untracked 
|  50|0x0000000083e00000, 0x0000000083e00000, 0x0000000083f00000|  0%| F|  |TAMS 0x0000000083e00000, 0x0000000083e00000| Untracked 
|  51|0x0000000083f00000, 0x0000000083f00000, 0x0000000084000000|  0%| F|  |TAMS 0x0000000083f00000, 0x0000000083f00000| Untracked 
|  52|0x0000000084000000, 0x0000000084000000, 0x0000000084100000|  0%| F|  |TAMS 0x0000000084000000, 0x0000000084000000| Untracked 
|  53|0x0000000084100000, 0x0000000084100000, 0x0000000084200000|  0%| F|  |TAMS 0x0000000084100000, 0x0000000084100000| Untracked 
|  54|0x0000000084200000, 0x0000000084200000, 0x0000000084300000|  0%| F|  |TAMS 0x0000000084200000, 0x0000000084200000| Untracked 
|  55|0x0000000084300000, 0x0000000084300000, 0x0000000084400000|  0%| F|  |TAMS 0x0000000084300000, 0x0000000084300000| Untracked 
|  56|0x0000000084400000, 0x0000000084400000, 0x0000000084500000|  0%| F|  |TAMS 0x0000000084400000, 0x0000000084400000| Untracked 
|  57|0x0000000084500000, 0x0000000084500000, 0x0000000084600000|  0%| F|  |TAMS 0x0000000084500000, 0x0000000084500000| Untracked 
|  58|0x0000000084600000, 0x0000000084600000, 0x0000000084700000|  0%| F|  |TAMS 0x0000000084600000, 0x0000000084600000| Untracked 
|  59|0x0000000084700000, 0x0000000084700000, 0x0000000084800000|  0%| F|  |TAMS 0x0000000084700000, 0x0000000084700000| Untracked 
|  60|0x0000000084800000, 0x0000000084800000, 0x0000000084900000|  0%| F|  |TAMS 0x0000000084800000, 0x0000000084800000| Untracked 
|  61|0x0000000084900000, 0x0000000084900000, 0x0000000084a00000|  0%| F|  |TAMS 0x0000000084900000, 0x0000000084900000| Untracked 
|  62|0x0000000084a00000, 0x0000000084a00000, 0x0000000084b00000|  0%| F|  |TAMS 0x0000000084a00000, 0x0000000084a00000| Untracked 
|  63|0x0000000084b00000, 0x0000000084b00000, 0x0000000084c00000|  0%| F|  |TAMS 0x0000000084b00000, 0x0000000084b00000| Untracked 
|  64|0x0000000084c00000, 0x0000000084c00000, 0x0000000084d00000|  0%| F|  |TAMS 0x0000000084c00000, 0x0000000084c00000| Untracked 
|  65|0x0000000084d00000, 0x0000000084d00000, 0x0000000084e00000|  0%| F|  |TAMS 0x0000000084d00000, 0x0000000084d00000| Untracked 
|  66|0x0000000084e00000, 0x0000000084e00000, 0x0000000084f00000|  0%| F|  |TAMS 0x0000000084e00000, 0x0000000084e00000| Untracked 
|  67|0x0000000084f00000, 0x0000000084f00000, 0x0000000085000000|  0%| F|  |TAMS 0x0000000084f00000, 0x0000000084f00000| Untracked 
|  68|0x0000000085000000, 0x0000000085000000, 0x0000000085100000|  0%| F|  |TAMS 0x0000000085000000, 0x0000000085000000| Untracked 
|  69|0x0000000085100000, 0x0000000085100000, 0x0000000085200000|  0%| F|  |TAMS 0x0000000085100000, 0x0000000085100000| Untracked 
|  70|0x0000000085200000, 0x0000000085200000, 0x0000000085300000|  0%| F|  |TAMS 0x0000000085200000, 0x0000000085200000| Untracked 
|  71|0x0000000085300000, 0x0000000085300000, 0x0000000085400000|  0%| F|  |TAMS 0x0000000085300000, 0x0000000085300000| Untracked 
|  72|0x0000000085400000, 0x0000000085400000, 0x0000000085500000|  0%| F|  |TAMS 0x0000000085400000, 0x0000000085400000| Untracked 
|  73|0x0000000085500000, 0x0000000085500000, 0x0000000085600000|  0%| F|  |TAMS 0x0000000085500000, 0x0000000085500000| Untracked 
|  74|0x0000000085600000, 0x0000000085600000, 0x0000000085700000|  0%| F|  |TAMS 0x0000000085600000, 0x0000000085600000| Untracked 
|  75|0x0000000085700000, 0x0000000085700000, 0x0000000085800000|  0%| F|  |TAMS 0x0000000085700000, 0x0000000085700000| Untracked 
|  76|0x0000000085800000, 0x0000000085800000, 0x0000000085900000|  0%| F|  |TAMS 0x0000000085800000, 0x0000000085800000| Untracked 
|  77|0x0000000085900000, 0x0000000085900000, 0x0000000085a00000|  0%| F|  |TAMS 0x0000000085900000, 0x0000000085900000| Untracked 
|  78|0x0000000085a00000, 0x0000000085a00000, 0x0000000085b00000|  0%| F|  |TAMS 0x0000000085a00000, 0x0000000085a00000| Untracked 
|  79|0x0000000085b00000, 0x0000000085b00000, 0x0000000085c00000|  0%| F|  |TAMS 0x0000000085b00000, 0x0000000085b00000| Untracked 
|  80|0x0000000085c00000, 0x0000000085c00000, 0x0000000085d00000|  0%| F|  |TAMS 0x0000000085c00000, 0x0000000085c00000| Untracked 
|  81|0x0000000085d00000, 0x0000000085d00000, 0x0000000085e00000|  0%| F|  |TAMS 0x0000000085d00000, 0x0000000085d00000| Untracked 
|  82|0x0000000085e00000, 0x0000000085e00000, 0x0000000085f00000|  0%| F|  |TAMS 0x0000000085e00000, 0x0000000085e00000| Untracked 
|  83|0x0000000085f00000, 0x0000000085f00000, 0x0000000086000000|  0%| F|  |TAMS 0x0000000085f00000, 0x0000000085f00000| Untracked 
|  84|0x0000000086000000, 0x0000000086000000, 0x0000000086100000|  0%| F|  |TAMS 0x0000000086000000, 0x0000000086000000| Untracked 
|  85|0x0000000086100000, 0x0000000086100000, 0x0000000086200000|  0%| F|  |TAMS 0x0000000086100000, 0x0000000086100000| Untracked 
|  86|0x0000000086200000, 0x0000000086200000, 0x0000000086300000|  0%| F|  |TAMS 0x0000000086200000, 0x0000000086200000| Untracked 
|  87|0x0000000086300000, 0x0000000086300000, 0x0000000086400000|  0%| F|  |TAMS 0x0000000086300000, 0x0000000086300000| Untracked 
|  88|0x0000000086400000, 0x0000000086400000, 0x0000000086500000|  0%| F|  |TAMS 0x0000000086400000, 0x0000000086400000| Untracked 
|  89|0x0000000086500000, 0x0000000086500000, 0x0000000086600000|  0%| F|  |TAMS 0x0000000086500000, 0x0000000086500000| Untracked 
|  90|0x0000000086600000, 0x0000000086600000, 0x0000000086700000|  0%| F|  |TAMS 0x0000000086600000, 0x0000000086600000| Untracked 
|  91|0x0000000086700000, 0x0000000086700000, 0x0000000086800000|  0%| F|  |TAMS 0x0000000086700000, 0x0000000086700000| Untracked 
|  92|0x0000000086800000, 0x0000000086800000, 0x0000000086900000|  0%| F|  |TAMS 0x0000000086800000, 0x0000000086800000| Untracked 
|  93|0x0000000086900000, 0x0000000086900000, 0x0000000086a00000|  0%| F|  |TAMS 0x0000000086900000, 0x0000000086900000| Untracked 
|  94|0x0000000086a00000, 0x0000000086a00000, 0x0000000086b00000|  0%| F|  |TAMS 0x0000000086a00000, 0x0000000086a00000| Untracked 
|  95|0x0000000086b00000, 0x0000000086b00000, 0x0000000086c00000|  0%| F|  |TAMS 0x0000000086b00000, 0x0000000086b00000| Untracked 
|  96|0x0000000086c00000, 0x0000000086c00000, 0x0000000086d00000|  0%| F|  |TAMS 0x0000000086c00000, 0x0000000086c00000| Untracked 
|  97|0x0000000086d00000, 0x0000000086d00000, 0x0000000086e00000|  0%| F|  |TAMS 0x0000000086d00000, 0x0000000086d00000| Untracked 
|  98|0x0000000086e00000, 0x0000000086e00000, 0x0000000086f00000|  0%| F|  |TAMS 0x0000000086e00000, 0x0000000086e00000| Untracked 
|  99|0x0000000086f00000, 0x0000000086f00000, 0x0000000087000000|  0%| F|  |TAMS 0x0000000086f00000, 0x0000000086f00000| Untracked 
| 100|0x0000000087000000, 0x0000000087000000, 0x0000000087100000|  0%| F|  |TAMS 0x0000000087000000, 0x0000000087000000| Untracked 
| 101|0x0000000087100000, 0x0000000087100000, 0x0000000087200000|  0%| F|  |TAMS 0x0000000087100000, 0x0000000087100000| Untracked 
| 102|0x0000000087200000, 0x0000000087200000, 0x0000000087300000|  0%| F|  |TAMS 0x0000000087200000, 0x0000000087200000| Untracked 
| 103|0x0000000087300000, 0x0000000087300000, 0x0000000087400000|  0%| F|  |TAMS 0x0000000087300000, 0x0000000087300000| Untracked 
| 104|0x0000000087400000, 0x0000000087400000, 0x0000000087500000|  0%| F|  |TAMS 0x0000000087400000, 0x0000000087400000| Untracked 
| 105|0x0000000087500000, 0x0000000087500000, 0x0000000087600000|  0%| F|  |TAMS 0x0000000087500000, 0x0000000087500000| Untracked 
| 106|0x0000000087600000, 0x0000000087600000, 0x0000000087700000|  0%| F|  |TAMS 0x0000000087600000, 0x0000000087600000| Untracked 
| 107|0x0000000087700000, 0x0000000087700000, 0x0000000087800000|  0%| F|  |TAMS 0x0000000087700000, 0x0000000087700000| Untracked 
| 108|0x0000000087800000, 0x0000000087800000, 0x0000000087900000|  0%| F|  |TAMS 0x0000000087800000, 0x0000000087800000| Untracked 
| 109|0x0000000087900000, 0x0000000087900000, 0x0000000087a00000|  0%| F|  |TAMS 0x0000000087900000, 0x0000000087900000| Untracked 
| 110|0x0000000087a00000, 0x0000000087a00000, 0x0000000087b00000|  0%| F|  |TAMS 0x0000000087a00000, 0x0000000087a00000| Untracked 
| 111|0x0000000087b00000, 0x0000000087b00000, 0x0000000087c00000|  0%| F|  |TAMS 0x0000000087b00000, 0x0000000087b00000| Untracked 
| 112|0x0000000087c00000, 0x0000000087c00000, 0x0000000087d00000|  0%| F|  |TAMS 0x0000000087c00000, 0x0000000087c00000| Untracked 
| 113|0x0000000087d00000, 0x0000000087d00000, 0x0000000087e00000|  0%| F|  |TAMS 0x0000000087d00000, 0x0000000087d00000| Untracked 
| 114|0x0000000087e00000, 0x0000000087e00000, 0x0000000087f00000|  0%| F|  |TAMS 0x0000000087e00000, 0x0000000087e00000| Untracked 
| 115|0x0000000087f00000, 0x0000000087f48310, 0x0000000088000000| 28%| E|  |TAMS 0x0000000087f00000, 0x0000000087f00000| Complete 
| 116|0x0000000088000000, 0x0000000088100000, 0x0000000088100000|100%| E|CS|TAMS 0x0000000088000000, 0x0000000088000000| Complete 
| 117|0x0000000088100000, 0x0000000088200000, 0x0000000088200000|100%| E|CS|TAMS 0x0000000088100000, 0x0000000088100000| Complete 
| 118|0x0000000088200000, 0x0000000088300000, 0x0000000088300000|100%| E|CS|TAMS 0x0000000088200000, 0x0000000088200000| Complete 
| 119|0x0000000088300000, 0x0000000088400000, 0x0000000088400000|100%| E|CS|TAMS 0x0000000088300000, 0x0000000088300000| Complete 
| 120|0x0000000088400000, 0x0000000088500000, 0x0000000088500000|100%| E|CS|TAMS 0x0000000088400000, 0x0000000088400000| Complete 
| 121|0x0000000088500000, 0x0000000088600000, 0x0000000088600000|100%| E|CS|TAMS 0x0000000088500000, 0x0000000088500000| Complete 
| 122|0x0000000088600000, 0x0000000088700000, 0x0000000088700000|100%| E|CS|TAMS 0x0000000088600000, 0x0000000088600000| Complete 
| 123|0x0000000088700000, 0x0000000088800000, 0x0000000088800000|100%| E|CS|TAMS 0x0000000088700000, 0x0000000088700000| Complete 
| 124|0x0000000088800000, 0x0000000088900000, 0x0000000088900000|100%| E|CS|TAMS 0x0000000088800000, 0x0000000088800000| Complete 
| 125|0x0000000088900000, 0x0000000088a00000, 0x0000000088a00000|100%| E|CS|TAMS 0x0000000088900000, 0x0000000088900000| Complete 
| 126|0x0000000088a00000, 0x0000000088b00000, 0x0000000088b00000|100%| E|CS|TAMS 0x0000000088a00000, 0x0000000088a00000| Complete 
| 127|0x0000000088b00000, 0x0000000088c00000, 0x0000000088c00000|100%| E|CS|TAMS 0x0000000088b00000, 0x0000000088b00000| Complete 

Card table byte_map: [0x000001bdfe4c0000,0x000001bdfe8c0000] _byte_map_base: 0x000001bdfe0ba000

Marking Bits (Prev, Next): (CMBitMap*) 0x000001bde697f658, (CMBitMap*) 0x000001bde697f690
 Prev Bits: [0x000001bd80000000, 0x000001bd81fd0000)
 Next Bits: [0x000001bd81fd0000, 0x000001bd83fa0000)

Polling page: 0x000001bde4800000

Metaspace:

Usage:
  Non-class:      9.15 MB capacity,     9.03 MB ( 99%) used,   110.95 KB (  1%) free+waste,    12.56 KB ( <1%) overhead. 
      Class:    976.00 KB capacity,   911.14 KB ( 93%) used,    59.36 KB (  6%) free+waste,     5.50 KB ( <1%) overhead. 
       Both:     10.10 MB capacity,     9.92 MB ( 98%) used,   170.31 KB (  2%) free+waste,    18.06 KB ( <1%) overhead. 

Virtual space:
  Non-class space:       10.00 MB reserved,       9.25 MB ( 93%) committed 
      Class space:        1.00 GB reserved,       1.00 MB ( <1%) committed 
             Both:        1.01 GB reserved,      10.25 MB ( <1%) committed 

Chunk freelists:
   Non-Class:  42.00 KB
       Class:  16.00 KB
        Both:  58.00 KB

MaxMetaspaceSize: 17179869184.00 GB
CompressedClassSpaceSize: 1.00 GB
Initial GC threshold: 20.80 MB
Current GC threshold: 20.80 MB
CDS: off

CodeHeap 'non-profiled nmethods': size=120064Kb used=205Kb max_used=205Kb free=119858Kb
 bounds [0x000001bdf6b80000, 0x000001bdf6df0000, 0x000001bdfe0c0000]
CodeHeap 'profiled nmethods': size=120000Kb used=1106Kb max_used=1106Kb free=118893Kb
 bounds [0x000001bdef650000, 0x000001bdef8c0000, 0x000001bdf6b80000]
CodeHeap 'non-nmethods': size=5696Kb used=1131Kb max_used=1145Kb free=4564Kb
 bounds [0x000001bdef0c0000, 0x000001bdef330000, 0x000001bdef650000]
 total_blobs=1021 nmethods=635 adapters=299
 compilation: enabled
              stopped_count=0, restarted_count=0
 full_count=0

Compilation events (20 events):
Event: 0.633 Thread 0x000001bdff1ed800 nmethod 608 0x000001bdef764810 code [0x000001bdef7649c0, 0x000001bdef764a98]
Event: 0.633 Thread 0x000001bdffcc1000  613       4       java.util.ArrayList::add (25 bytes)
Event: 0.634 Thread 0x000001bdff1ed800  614       3       org.jacoco.agent.rt.internal_43f5073.asm.ClassReader::readCode (5089 bytes)
Event: 0.635 Thread 0x000001bdff1e6800 nmethod 593 0x000001bdf6bab210 code [0x000001bdf6bab3c0, 0x000001bdf6bab828]
Event: 0.636 Thread 0x000001bdff1e6800  619       4       org.jacoco.agent.rt.internal_43f5073.asm.ClassReader::readUTF8 (23 bytes)
Event: 0.642 Thread 0x000001bdffcc1000 nmethod 613 0x000001bdf6baba90 code [0x000001bdf6babc40, 0x000001bdf6bac188]
Event: 0.642 Thread 0x000001bdffcc1000  622       4       java.lang.String::substring (58 bytes)
Event: 0.644 Thread 0x000001bdff1e6800 nmethod 619 0x000001bdf6bac390 code [0x000001bdf6bac540, 0x000001bdf6bac888]
Event: 0.649 Thread 0x000001bdff1e6800  630       4       org.jacoco.agent.rt.internal_43f5073.asm.SymbolTable::hash (10 bytes)
Event: 0.652 Thread 0x000001bdffcc1000 nmethod 622 0x000001bdf6bacb10 code [0x000001bdf6baccc0, 0x000001bdf6bad1f8]
Event: 0.652 Thread 0x000001bdffcc1000  631       4       java.util.ArrayList::get (15 bytes)
Event: 0.654 Thread 0x000001bdffcc1000 nmethod 631 0x000001bdf6bad490 code [0x000001bdf6bad620, 0x000001bdf6bad6f8]
Event: 0.654 Thread 0x000001bdffcc1000  633       4       org.jacoco.agent.rt.internal_43f5073.asm.tree.AbstractInsnNode::acceptAnnotations (141 bytes)
Event: 0.655 Thread 0x000001bdffcc1000 nmethod 633 0x000001bdf6bad810 code [0x000001bdf6bad9a0, 0x000001bdf6bada38]
Event: 0.655 Thread 0x000001bdff1e6800 nmethod 630 0x000001bdf6badb10 code [0x000001bdf6badca0, 0x000001bdf6bade38]
Event: 0.663 Thread 0x000001bdffcc1000  635       4       org.jacoco.agent.rt.internal_43f5073.asm.ClassReader::readInt (52 bytes)
Event: 0.664 Thread 0x000001bdff1e6800  636       4       org.jacoco.agent.rt.internal_43f5073.asm.ByteVector::putByte (39 bytes)
Event: 0.665 Thread 0x000001bdffcc1000 nmethod 635 0x000001bdf6badf90 code [0x000001bdf6bae120, 0x000001bdf6bae218]
Event: 0.666 Thread 0x000001bdff1e6800 nmethod 636 0x000001bdf6bae310 code [0x000001bdf6bae4c0, 0x000001bdf6bae5e8]
Event: 0.671 Thread 0x000001bdffcc1000  637       4       org.jacoco.agent.rt.internal_43f5073.asm.tree.InsnList::add (62 bytes)

GC Heap History (0 events):
No events

Deoptimization events (14 events):
Event: 0.267 Thread 0x000001bde693d000 DEOPT PACKING pc=0x000001bdef6876bb sp=0x00000010df2fac20
Event: 0.267 Thread 0x000001bde693d000 DEOPT UNPACKING pc=0x000001bdef10a95e sp=0x00000010df2fa0f0 mode 0
Event: 0.269 Thread 0x000001bde693d000 DEOPT PACKING pc=0x000001bdef6876bb sp=0x00000010df2fac20
Event: 0.269 Thread 0x000001bde693d000 DEOPT UNPACKING pc=0x000001bdef10a95e sp=0x00000010df2fa0f0 mode 0
Event: 0.376 Thread 0x000001bde693d000 DEOPT PACKING pc=0x000001bdef6a5038 sp=0x00000010df2fbea0
Event: 0.376 Thread 0x000001bde693d000 DEOPT UNPACKING pc=0x000001bdef10a95e sp=0x00000010df2fb2f8 mode 0
Event: 0.401 Thread 0x000001bde693d000 DEOPT PACKING pc=0x000001bdef6b7c22 sp=0x00000010df2fbeb0
Event: 0.401 Thread 0x000001bde693d000 DEOPT UNPACKING pc=0x000001bdef10a95e sp=0x00000010df2fb318 mode 0
Event: 0.413 Thread 0x000001bde693d000 DEOPT PACKING pc=0x000001bdef68e1d0 sp=0x00000010df2febb0
Event: 0.413 Thread 0x000001bde693d000 DEOPT UNPACKING pc=0x000001bdef10a95e sp=0x00000010df2fe050 mode 0
Event: 0.453 Thread 0x000001bde693d000 DEOPT PACKING pc=0x000001bdef6973ff sp=0x00000010df2fb110
Event: 0.453 Thread 0x000001bde693d000 DEOPT UNPACKING pc=0x000001bdef10a95e sp=0x00000010df2fa560 mode 0
Event: 0.464 Thread 0x000001bde693d000 DEOPT PACKING pc=0x000001bdef6973ff sp=0x00000010df2f9d10
Event: 0.464 Thread 0x000001bde693d000 DEOPT UNPACKING pc=0x000001bdef10a95e sp=0x00000010df2f9160 mode 0

Classes redefined (0 events):
No events

Internal exceptions (1 events):
Event: 0.617 Thread 0x000001bde693d000 Exception <a 'java/lang/NoSuchMethodError'{0x00000000883040a0}: 'java.lang.Object java.lang.invoke.DirectMethodHandle$Holder.invokeStaticInit(java.lang.Object, java.lang.Object, java.lang.Object)'> (0x00000000883040a0) thrown at [./src/hotspot/share/interpreter/linkResolver.cpp, line 773]

Events (20 events):
Event: 0.648 loading class java/util/concurrent/ScheduledFuture done
Event: 0.648 loading class java/util/concurrent/RunnableScheduledFuture done
Event: 0.648 loading class java/util/concurrent/locks/ReentrantLock$NonfairSync
Event: 0.648 loading class java/util/concurrent/locks/ReentrantLock$Sync
Event: 0.648 loading class java/util/concurrent/locks/ReentrantLock$Sync done
Event: 0.649 loading class java/util/concurrent/locks/ReentrantLock$NonfairSync done
Event: 0.649 loading class java/util/concurrent/locks/AbstractQueuedSynchronizer$ConditionObject
Event: 0.649 loading class java/util/concurrent/locks/Condition
Event: 0.649 loading class java/util/concurrent/locks/Condition done
Event: 0.649 loading class java/util/concurrent/locks/AbstractQueuedSynchronizer$ConditionObject done
Event: 0.649 loading class org/apache/maven/surefire/booter/PpidChecker
Event: 0.649 loading class org/apache/maven/surefire/booter/PpidChecker done
Event: 0.659 loading class org/apache/maven/surefire/booter/PpidChecker$ProcessInfoConsumer
Event: 0.659 loading class org/apache/maven/surefire/booter/PpidChecker$ProcessInfoConsumer done
Event: 0.662 loading class org/apache/maven/surefire/booter/PpidChecker$1
Event: 0.662 loading class org/apache/maven/surefire/booter/PpidChecker$1 done
Event: 0.664 loading class org/apache/maven/surefire/booter/PpidChecker$2
Event: 0.664 loading class org/apache/maven/surefire/booter/PpidChecker$2 done
Event: 0.666 loading class org/apache/maven/surefire/shade/org/apache/commons/lang3/SystemUtils
Event: 0.666 loading class org/apache/maven/surefire/shade/org/apache/commons/lang3/SystemUtils done


Dynamic libraries:
0x00007ff7eb500000 - 0x00007ff7eb50d000 	C:\Users\user\.jdks\corretto-11.0.18\bin\java.exe
0x00007ffbf1690000 - 0x00007ffbf1888000 	C:\Windows\SYSTEM32\ntdll.dll
0x00007ffbde400000 - 0x00007ffbde419000 	C:\Program Files\Avast Software\Avast\aswhook.dll
0x00007ffbf0bb0000 - 0x00007ffbf0c6d000 	C:\Windows\System32\KERNEL32.DLL
0x00007ffbef380000 - 0x00007ffbef64e000 	C:\Windows\System32\KERNELBASE.dll
0x00007ffbef210000 - 0x00007ffbef310000 	C:\Windows\System32\ucrtbase.dll
0x00007ffbe3290000 - 0x00007ffbe32a9000 	C:\Users\user\.jdks\corretto-11.0.18\bin\VCRUNTIME140.dll
0x00007ffbe3270000 - 0x00007ffbe3287000 	C:\Users\user\.jdks\corretto-11.0.18\bin\jli.dll
0x00007ffbef6f0000 - 0x00007ffbef890000 	C:\Windows\System32\USER32.dll
0x00007ffbe0470000 - 0x00007ffbe070a000 	C:\Windows\WinSxS\amd64_microsoft.windows.common-controls_6595b64144ccf1df_6.0.19041.1110_none_60b5254171f9507e\COMCTL32.dll
0x00007ffbef030000 - 0x00007ffbef052000 	C:\Windows\System32\win32u.dll
0x00007ffbf0490000 - 0x00007ffbf052e000 	C:\Windows\System32\msvcrt.dll
0x00007ffbf0b60000 - 0x00007ffbf0b8a000 	C:\Windows\System32\GDI32.dll
0x00007ffbeee60000 - 0x00007ffbeef6b000 	C:\Windows\System32\gdi32full.dll
0x00007ffbef650000 - 0x00007ffbef6ed000 	C:\Windows\System32\msvcp_win.dll
0x00007ffbef920000 - 0x00007ffbef950000 	C:\Windows\System32\IMM32.DLL
0x00007ffbcb750000 - 0x00007ffbcb7eb000 	C:\Users\user\.jdks\corretto-11.0.18\bin\msvcp140.dll
0x00007ffbb4900000 - 0x00007ffbb548a000 	C:\Users\user\.jdks\corretto-11.0.18\bin\server\jvm.dll
0x00007ffbef9b0000 - 0x00007ffbefa5e000 	C:\Windows\System32\ADVAPI32.dll
0x00007ffbf15b0000 - 0x00007ffbf164c000 	C:\Windows\System32\sechost.dll
0x00007ffbf09a0000 - 0x00007ffbf0ac5000 	C:\Windows\System32\RPCRT4.dll
0x00007ffbefc80000 - 0x00007ffbefc88000 	C:\Windows\System32\PSAPI.DLL
0x00007ffbe0d30000 - 0x00007ffbe0d57000 	C:\Windows\SYSTEM32\WINMM.dll
0x00007ffbded80000 - 0x00007ffbded89000 	C:\Windows\SYSTEM32\WSOCK32.dll
0x00007ffbe5b10000 - 0x00007ffbe5b1a000 	C:\Windows\SYSTEM32\VERSION.dll
0x00007ffbf1540000 - 0x00007ffbf15ab000 	C:\Windows\System32\WS2_32.dll
0x00007ffbecbd0000 - 0x00007ffbecbe2000 	C:\Windows\SYSTEM32\kernel.appcore.dll
0x00007ffbe3140000 - 0x00007ffbe3150000 	C:\Users\user\.jdks\corretto-11.0.18\bin\verify.dll
0x00007ffbe3e00000 - 0x00007ffbe3fe4000 	C:\Windows\SYSTEM32\DBGHELP.DLL
0x00007ffbe3dd0000 - 0x00007ffbe3dfc000 	C:\Windows\SYSTEM32\dbgcore.DLL
0x00007ffbeef70000 - 0x00007ffbeeff2000 	C:\Windows\System32\bcryptPrimitives.dll
0x00007ffbde7a0000 - 0x00007ffbde7c8000 	C:\Users\user\.jdks\corretto-11.0.18\bin\java.dll
0x00007ffbe1d10000 - 0x00007ffbe1d1a000 	C:\Users\user\.jdks\corretto-11.0.18\bin\jimage.dll
0x00007ffbe4130000 - 0x00007ffbe413e000 	C:\Users\user\.jdks\corretto-11.0.18\bin\instrument.dll
0x00007ffbe1620000 - 0x00007ffbe1638000 	C:\Users\user\.jdks\corretto-11.0.18\bin\zip.dll
0x00007ffbf0df0000 - 0x00007ffbf1534000 	C:\Windows\System32\SHELL32.dll
0x00007ffbeceb0000 - 0x00007ffbed644000 	C:\Windows\SYSTEM32\windows.storage.dll
0x00007ffbf05e0000 - 0x00007ffbf0934000 	C:\Windows\System32\combase.dll
0x00007ffbee740000 - 0x00007ffbee770000 	C:\Windows\SYSTEM32\Wldp.dll
0x00007ffbf0530000 - 0x00007ffbf05dd000 	C:\Windows\System32\SHCORE.dll
0x00007ffbf0d90000 - 0x00007ffbf0de5000 	C:\Windows\System32\shlwapi.dll
0x00007ffbeecf0000 - 0x00007ffbeed0f000 	C:\Windows\SYSTEM32\profapi.dll
0x00007ffbdf740000 - 0x00007ffbdf759000 	C:\Users\user\.jdks\corretto-11.0.18\bin\net.dll
0x00007ffbe0f50000 - 0x00007ffbe105a000 	C:\Windows\SYSTEM32\WINHTTP.dll
0x00007ffbee4a0000 - 0x00007ffbee50a000 	C:\Windows\system32\mswsock.dll
0x00007ffbded90000 - 0x00007ffbdeda3000 	C:\Users\user\.jdks\corretto-11.0.18\bin\nio.dll
0x00007ffbd52b0000 - 0x00007ffbd52c7000 	C:\Windows\system32\napinsp.dll
0x00007ffbd5230000 - 0x00007ffbd524b000 	C:\Windows\system32\pnrpnsp.dll
0x00007ffbd52d0000 - 0x00007ffbd52e5000 	C:\Windows\system32\wshbth.dll
0x00007ffbea7a0000 - 0x00007ffbea7bd000 	C:\Windows\system32\NLAapi.dll
0x00007ffbee190000 - 0x00007ffbee1cb000 	C:\Windows\SYSTEM32\IPHLPAPI.DLL
0x00007ffbee1d0000 - 0x00007ffbee29b000 	C:\Windows\SYSTEM32\DNSAPI.dll
0x00007ffbef910000 - 0x00007ffbef918000 	C:\Windows\System32\NSI.dll
0x00007ffbd52f0000 - 0x00007ffbd5302000 	C:\Windows\System32\winrnr.dll
0x00007ffbe0bc0000 - 0x00007ffbe0bca000 	C:\Windows\System32\rasadhlp.dll
0x00007ffbe1060000 - 0x00007ffbe10e0000 	C:\Windows\System32\fwpuclnt.dll
0x00007ffbef000000 - 0x00007ffbef027000 	C:\Windows\System32\bcrypt.dll
0x00007ffbe1de0000 - 0x00007ffbe1de9000 	C:\Users\user\.jdks\corretto-11.0.18\bin\management.dll
0x00007ffbe1dd0000 - 0x00007ffbe1ddb000 	C:\Users\user\.jdks\corretto-11.0.18\bin\management_ext.dll

dbghelp: loaded successfully - version: 4.0.5 - missing functions: none
symbol engine: initialized successfully - sym options: 0x614 - pdb path: .;C:\Users\user\.jdks\corretto-11.0.18\bin;C:\Windows\SYSTEM32;C:\Program Files\Avast Software\Avast;C:\Windows\WinSxS\amd64_microsoft.windows.common-controls_6595b64144ccf1df_6.0.19041.1110_none_60b5254171f9507e;C:\Users\user\.jdks\corretto-11.0.18\bin\server

VM Arguments:
jvm_args: -javaagent:C:\\Users\\user\\.m2\\repository\\org\\jacoco\\org.jacoco.agent\\0.8.5\\org.jacoco.agent-0.8.5-runtime.jar=destfile=C:\\NETOLOGY\\java\\continuousintegration\\target\\jacoco.exec 
java_command: C:\Users\user\AppData\Local\Temp\surefire12622561347042847246\surefirebooter6492189715237606699.jar C:\Users\user\AppData\Local\Temp\surefire12622561347042847246 2023-04-08T16-09-07_888-jvmRun1 surefire17219006242404801235tmp surefire_07660779354340089286tmp
java_class_path (initial): C:\Users\user\AppData\Local\Temp\surefire12622561347042847246\surefirebooter6492189715237606699.jar
Launcher Type: SUN_STANDARD

[Global flags]
     intx CICompilerCount                          = 3                                         {product} {ergonomic}
     uint ConcGCThreads                            = 1                                         {product} {ergonomic}
     uint G1ConcRefinementThreads                  = 4                                         {product} {ergonomic}
   size_t G1HeapRegionSize                         = 1048576                                   {product} {ergonomic}
    uintx GCDrainStackTargetSize                   = 64                                        {product} {ergonomic}
   size_t InitialHeapSize                          = 134217728                                 {product} {ergonomic}
   size_t MarkStackSize                            = 4194304                                   {product} {ergonomic}
   size_t MaxHeapSize                              = 2134900736                                {product} {ergonomic}
   size_t MaxNewSize                               = 1280311296                                {product} {ergonomic}
   size_t MinHeapDeltaBytes                        = 1048576                                   {product} {ergonomic}
    uintx NonNMethodCodeHeapSize                   = 5830732                                {pd product} {ergonomic}
    uintx NonProfiledCodeHeapSize                  = 122913754                              {pd product} {ergonomic}
    uintx ProfiledCodeHeapSize                     = 122913754                              {pd product} {ergonomic}
    uintx ReservedCodeCacheSize                    = 251658240                              {pd product} {ergonomic}
     bool SegmentedCodeCache                       = true                                      {product} {ergonomic}
     bool UseCompressedClassPointers               = true                                 {lp64_product} {ergonomic}
     bool UseCompressedOops                        = true                                 {lp64_product} {ergonomic}
     bool UseG1GC                                  = true                                      {product} {ergonomic}
     bool UseLargePagesIndividualAllocation        = false                                  {pd product} {ergonomic}

Logging:
Log output configuration:
 #0: stdout all=warning uptime,level,tags
 #1: stderr all=off uptime,level,tags

Environment Variables:
PATH=C:\Program Files\Eclipse Adoptium\jdk-11.0.18.10-hotspot\bin;C:\Windows\system32;C:\Windows;C:\Windows\System32\Wbem;C:\Windows\System32\WindowsPowerShell\v1.0\;C:\Windows\System32\OpenSSH\;C:\Program Files\7-Zip;C:\Program Files\Git\cmd;C:\Users\user\AppData\Local\Microsoft\WindowsApps;;C:\Users\user\AppData\Local\Programs\Microsoft VS Code\bin;C:\Program Files\JetBrains\IntelliJ IDEA 2022.3.3\bin;
USERNAME=user
OS=Windows_NT
PROCESSOR_IDENTIFIER=Intel64 Family 6 Model 42 Stepping 7, GenuineIntel
TMP=C:\Users\user\AppData\Local\Temp
TEMP=C:\Users\user\AppData\Local\Temp



---------------  S Y S T E M  ---------------

OS: Windows 10 , 64 bit Build 19041 (10.0.19041.1806)
OS uptime: 11 days 16:11 hours

CPU:total 4 (initial active 4) (2 cores per cpu, 2 threads per core) family 6 model 42 stepping 7 microcode 0x2f, cmov, cx8, fxsr, mmx, sse, sse2, sse3, ssse3, sse4.1, sse4.2, popcnt, avx, aes, clmul, ht, tsc, tscinvbit

Memory: 4k page, system-wide physical 8139M (1804M free)
TotalPageFile size 9419M (AvailPageFile size 1267M)
current process WorkingSet (physical memory assigned to process): 65M, peak: 65M
current process commit charge ("private bytes"): 213M, peak: 213M

vm_info: OpenJDK 64-Bit Server VM (11.0.18+10-LTS) for windows-amd64 JRE (11.0.18+10-LTS), built on Jan 10 2023 20:17:52 by "Administrator" with MS VC++ 15.9 (VS2017)

END.
