#
# A fatal error has been detected by the Java Runtime Environment:
#
#  EXCEPTION_ACCESS_VIOLATION (0xc0000005) at pc=0x00007ffbb4c29b4d, pid=2908, tid=10260
#
# JRE version: OpenJDK Runtime Environment Corretto-11.0.18.10.1 (11.0.18+10) (build 11.0.18+10-LTS)
# Java VM: OpenJDK 64-Bit Server VM Corretto-11.0.18.10.1 (11.0.18+10-LTS, mixed mode, tiered, compressed oops, g1 gc, windows-amd64)
# Problematic frame:
# V  [jvm.dll+0x329b4d]
#
# No core dump will be written. Minidumps are not enabled by default on client versions of Windows
#
# If you would like to submit a bug report, please visit:
#   https://github.com/corretto/corretto-11/issues/
#

---------------  S U M M A R Y ------------

Command Line: -Dmaven.multiModuleProjectDirectory=C:\NETOLOGY\java\continuousintegration -Djansi.passthrough=true -Dmaven.home=C:\Program Files\JetBrains\IntelliJ IDEA 2022.3.3\plugins\maven\lib\maven3 -Dclassworlds.conf=C:\Program Files\JetBrains\IntelliJ IDEA 2022.3.3\plugins\maven\lib\maven3\bin\m2.conf -Dmaven.ext.class.path=C:\Program Files\JetBrains\IntelliJ IDEA 2022.3.3\plugins\maven\lib\maven-event-listener.jar -javaagent:C:\Program Files\JetBrains\IntelliJ IDEA 2022.3.3\lib\idea_rt.jar=54111:C:\Program Files\JetBrains\IntelliJ IDEA 2022.3.3\bin -Dfile.encoding=UTF-8 org.codehaus.classworlds.Launcher -Didea.version=2022.3.3 clean verify

Host: Intel(R) Core(TM) i5-2430M CPU @ 2.40GHz, 4 cores, 7G,  Windows 10 , 64 bit Build 19041 (10.0.19041.1806)
Time: Sat Apr  8 15:59:47 2023  Windows 10 , 64 bit Build 19041 (10.0.19041.1806) elapsed time: 3.579608 seconds (0d 0h 0m 3s)

---------------  T H R E A D  ---------------

Current thread (0x0000022cfde5d800):  JavaThread "C2 CompilerThread0" daemon [_thread_in_native, id=10260, stack(0x0000005ed4d00000,0x0000005ed4e00000)]


Current CompileTask:
C2:   3579 2379       4       org.codehaus.plexus.util.xml.XmlReader::read (11 bytes)

Stack: [0x0000005ed4d00000,0x0000005ed4e00000],  sp=0x0000005ed4dfb850,  free space=1006k
Native frames: (J=compiled Java code, j=interpreted, Vv=VM code, C=native code)
V  [jvm.dll+0x329b4d]
V  [jvm.dll+0x32ac33]
V  [jvm.dll+0x328573]
V  [jvm.dll+0x327aba]
V  [jvm.dll+0x2092c3]
V  [jvm.dll+0x20841d]
V  [jvm.dll+0x18a3c1]
V  [jvm.dll+0x217ac4]
V  [jvm.dll+0x215d0b]
V  [jvm.dll+0x772d90]
V  [jvm.dll+0x76bcc4]
V  [jvm.dll+0x621c05]
C  [ucrtbase.dll+0x21bb2]
C  [KERNEL32.DLL+0x17034]
C  [ntdll.dll+0x52651]


siginfo: EXCEPTION_ACCESS_VIOLATION (0xc0000005), reading address 0x00000228fee046c8


Register to memory mapping:

RIP=0x00007ffbb4c29b4d jvm.dll
RAX=0x0000000000000001 is an unknown value
RBX=0x00000228fee046a0 is an unknown value
RCX=0x0 is NULL
RDX=0x0000005ed4dfb9b0 is pointing into the stack for thread: 0x0000022cfde5d800
RSP=0x0000005ed4dfb850 is pointing into the stack for thread: 0x0000022cfde5d800
RBP=0x0 is NULL
RSI=0x0000022c8092d028 points into unknown readable memory: 0x00007ffbb5118b78 | 78 8b 11 b5 fb 7f 00 00
RDI=0x0000000000000007 is an unknown value
R8 =0x0000000000000014 is an unknown value
R9 =0x0000005ed4dfb9b0 is pointing into the stack for thread: 0x0000022cfde5d800
R10=0x0000022cff0b35f0 points into unknown readable memory: 0x0000022c80dd0020 | 20 00 dd 80 2c 02 00 00
R11=0x0000022c80e2dc40 points into unknown readable memory: 0x0000022c814d44c0 | c0 44 4d 81 2c 02 00 00
R12=0x0000022c8163b600 points into unknown readable memory: 0x0000022c816352d8 | d8 52 63 81 2c 02 00 00
R13=0x0000005ed4dfbe10 is pointing into the stack for thread: 0x0000022cfde5d800
R14=0x0000005ed4dfb8c0 is pointing into the stack for thread: 0x0000022cfde5d800
R15=0x0000000000000015 is an unknown value


Registers:
RAX=0x0000000000000001, RBX=0x00000228fee046a0, RCX=0x0000000000000000, RDX=0x0000005ed4dfb9b0
RSP=0x0000005ed4dfb850, RBP=0x0000000000000000, RSI=0x0000022c8092d028, RDI=0x0000000000000007
R8 =0x0000000000000014, R9 =0x0000005ed4dfb9b0, R10=0x0000022cff0b35f0, R11=0x0000022c80e2dc40
R12=0x0000022c8163b600, R13=0x0000005ed4dfbe10, R14=0x0000005ed4dfb8c0, R15=0x0000000000000015
RIP=0x00007ffbb4c29b4d, EFLAGS=0x0000000000010202

Top of Stack: (sp=0x0000005ed4dfb850)
0x0000005ed4dfb850:   0000000000000005 0000e813ddfbb933
0x0000005ed4dfb860:   0000022cfee06450 0000022cfee06450
0x0000005ed4dfb870:   0000022cfee06450 0000022cfee07c88
0x0000005ed4dfb880:   0000022cfee07c00 0000000000000000
0x0000005ed4dfb890:   0000022cfee06450 00007ffbb4c2ac33
0x0000005ed4dfb8a0:   0000005ed4dfbe10 0000022c80dd0108
0x0000005ed4dfb8b0:   0000022c80dd0108 0000022cfee06e48
0x0000005ed4dfb8c0:   0000005ed4dfb9b0 0000005ed4dfb960
0x0000005ed4dfb8d0:   0000005ed4dfbe10 0000022cfde50540
0x0000005ed4dfb8e0:   0000000000000000 0000022cfde50540
0x0000005ed4dfb8f0:   0000022cfefafb90 00007ffbb5182c30
0x0000005ed4dfb900:   0000005ed4dfba10 00007ffbb4c28573
0x0000005ed4dfb910:   0000022c80589920 0000022cfde65678
0x0000005ed4dfb920:   0000005ed4dfbe10 0000000000009490
0x0000005ed4dfb930:   0000000000000101 0000000000000000
0x0000005ed4dfb940:   0000000000000a19 00000000000000ca 

Instructions: (pc=0x00007ffbb4c29b4d)
0x00007ffbb4c29a4d:   24 58 48 83 c4 20 41 5f 41 5e 41 5c e9 e2 17 00
0x00007ffbb4c29a5d:   00 cc cc 41 56 48 83 ec 40 48 8b 51 08 4c 8b f1
0x00007ffbb4c29a6d:   4c 8b 02 49 8b c0 48 2b 42 10 48 83 c0 10 48 c1
0x00007ffbb4c29a7d:   e8 04 85 c0 75 09 33 c0 48 83 c4 40 41 5e c3 48
0x00007ffbb4c29a8d:   89 5c 24 58 49 8d 40 f0 48 89 6c 24 60 48 89 74
0x00007ffbb4c29a9d:   24 38 48 89 7c 24 30 4c 89 64 24 28 4d 8b 20 49
0x00007ffbb4c29aad:   8b f4 4c 89 7c 24 20 48 83 e6 fe 41 80 e4 01 8b
0x00007ffbb4c29abd:   7e 20 41 39 78 08 41 0f 42 78 08 48 89 02 0f 1f
0x00007ffbb4c29acd:   44 00 00 44 8b 46 28 41 8b c0 4d 8b 0e c1 e8 05
0x00007ffbb4c29add:   41 3b 41 10 72 0e 49 8b 01 41 8b d0 49 8b c9 ff
0x00007ffbb4c29aed:   50 18 eb 1b 8b c8 41 83 e0 1f 49 8b 41 18 48 8d
0x00007ffbb4c29afd:   14 88 b8 01 00 00 00 41 0f b6 c8 d3 e0 09 02 8b
0x00007ffbb4c29b0d:   46 2c 24 0f 3c 08 75 09 48 8b 46 08 48 8b 08 eb
0x00007ffbb4c29b1d:   03 48 8b ce 49 8b 46 10 33 ed 8b 51 28 48 8b 48
0x00007ffbb4c29b2d:   78 48 8b 04 d1 44 8b 78 68 85 ff 0f 84 bd 00 00
0x00007ffbb4c29b3d:   00 66 90 48 8b 5e 10 ff cf 49 8b 16 48 8b 1c fb
0x00007ffbb4c29b4d:   8b 4b 28 8b c1 c1 e8 05 3b 42 10 73 19 44 8b c0
0x00007ffbb4c29b5d:   83 e1 1f 48 8b 42 18 ba 01 00 00 00 d3 e2 42 8b
0x00007ffbb4c29b6d:   04 80 23 c2 75 48 8b 43 2c 24 0f 3c 08 75 09 48
0x00007ffbb4c29b7d:   8b 43 08 4c 8b 00 eb 03 4c 8b c3 49 8b 46 10 41
0x00007ffbb4c29b8d:   8b 50 28 48 8b 48 78 48 8b 04 d1 44 39 78 68 72
0x00007ffbb4c29b9d:   1d 75 0b 41 8b 40 2c 83 e0 0f 3c 0c 74 10 48 8b
0x00007ffbb4c29bad:   cb 48 8b eb e8 2a 7b 2d 00 41 3a c4 74 04 85 ff
0x00007ffbb4c29bbd:   75 81 48 85 ed 74 37 49 8b 5e 08 48 83 03 10 48
0x00007ffbb4c29bcd:   8b 0b 48 3b 4b 08 72 0b 48 8b cb e8 f3 6a 2d 00
0x00007ffbb4c29bdd:   48 8b 0b 41 0f b6 c4 48 0b c6 89 79 08 48 89 01
0x00007ffbb4c29bed:   48 8b f5 8b 7d 20 45 32 e4 e9 d5 fe ff ff 45 84
0x00007ffbb4c29bfd:   e4 75 0b 8b 7e 20 41 b4 01 e9 c5 fe ff ff 4c 8b
0x00007ffbb4c29c0d:   7c 24 20 48 8b c6 48 8b 74 24 38 4c 8b 64 24 28
0x00007ffbb4c29c1d:   48 8b 7c 24 30 48 8b 6c 24 60 48 8b 5c 24 58 48
0x00007ffbb4c29c2d:   83 c4 40 41 5e c3 cc cc cc cc cc cc cc cc cc cc
0x00007ffbb4c29c3d:   cc cc cc 48 89 5c 24 08 48 89 74 24 10 57 48 83 


Stack slot to memory mapping:
stack at sp + 0 slots: 0x0000000000000005 is an unknown value
stack at sp + 1 slots: 0x0000e813ddfbb933 is an unknown value
stack at sp + 2 slots: 0x0000022cfee06450 points into unknown readable memory: 0x00007ffbb510d8d0 | d0 d8 10 b5 fb 7f 00 00
stack at sp + 3 slots: 0x0000022cfee06450 points into unknown readable memory: 0x00007ffbb510d8d0 | d0 d8 10 b5 fb 7f 00 00
stack at sp + 4 slots: 0x0000022cfee06450 points into unknown readable memory: 0x00007ffbb510d8d0 | d0 d8 10 b5 fb 7f 00 00
stack at sp + 5 slots: 0x0000022cfee07c88 points into unknown readable memory: 0x0000000000000000 | 00 00 00 00 00 00 00 00
stack at sp + 6 slots: 0x0000022cfee07c00 points into unknown readable memory: 0x0000000000000000 | 00 00 00 00 00 00 00 00
stack at sp + 7 slots: 0x0 is NULL


---------------  P R O C E S S  ---------------

Threads class SMR info:
_java_thread_list=0x0000022c80c7c400, length=12, elements={
0x0000022cdd6b0000, 0x0000022cfde3c000, 0x0000022cfde3d000, 0x0000022cfde67800,
0x0000022cfde68800, 0x0000022cfde4f800, 0x0000022cfde5d800, 0x0000022cfde6f000,
0x0000022cfde70000, 0x0000022cfddd6800, 0x0000022cfeb98800, 0x0000022cfedc9800
}

Java Threads: ( => current thread )
  0x0000022cdd6b0000 JavaThread "main" [_thread_in_vm, id=2528, stack(0x0000005ed4100000,0x0000005ed4200000)]
  0x0000022cfde3c000 JavaThread "Reference Handler" daemon [_thread_blocked, id=3768, stack(0x0000005ed4800000,0x0000005ed4900000)]
  0x0000022cfde3d000 JavaThread "Finalizer" daemon [_thread_blocked, id=6912, stack(0x0000005ed4900000,0x0000005ed4a00000)]
  0x0000022cfde67800 JavaThread "Signal Dispatcher" daemon [_thread_blocked, id=8188, stack(0x0000005ed4a00000,0x0000005ed4b00000)]
  0x0000022cfde68800 JavaThread "Attach Listener" daemon [_thread_blocked, id=6232, stack(0x0000005ed4b00000,0x0000005ed4c00000)]
  0x0000022cfde4f800 JavaThread "Service Thread" daemon [_thread_blocked, id=2760, stack(0x0000005ed4c00000,0x0000005ed4d00000)]
=>0x0000022cfde5d800 JavaThread "C2 CompilerThread0" daemon [_thread_in_native, id=10260, stack(0x0000005ed4d00000,0x0000005ed4e00000)]
  0x0000022cfde6f000 JavaThread "C1 CompilerThread0" daemon [_thread_blocked, id=7124, stack(0x0000005ed4e00000,0x0000005ed4f00000)]
  0x0000022cfde70000 JavaThread "Sweeper thread" daemon [_thread_blocked, id=2668, stack(0x0000005ed4f00000,0x0000005ed5000000)]
  0x0000022cfddd6800 JavaThread "Common-Cleaner" daemon [_thread_blocked, id=6792, stack(0x0000005ed5000000,0x0000005ed5100000)]
  0x0000022cfeb98800 JavaThread "Monitor Ctrl-Break" daemon [_thread_in_native, id=4880, stack(0x0000005ed5100000,0x0000005ed5200000)]
  0x0000022cfedc9800 JavaThread "C2 CompilerThread1" daemon [_thread_in_native, id=1332, stack(0x0000005ed5300000,0x0000005ed5400000)]

Other Threads:
  0x0000022cfde15000 VMThread "VM Thread" [stack: 0x0000005ed4700000,0x0000005ed4800000] [id=11172]
  0x0000022cfeb06000 WatcherThread [stack: 0x0000005ed5200000,0x0000005ed5300000] [id=8576]
  0x0000022cdd6c7800 GCTaskThread "GC Thread#0" [stack: 0x0000005ed4200000,0x0000005ed4300000] [id=6652]
  0x0000022c8001b800 GCTaskThread "GC Thread#1" [stack: 0x0000005ed5400000,0x0000005ed5500000] [id=5704]
  0x0000022cff364000 GCTaskThread "GC Thread#2" [stack: 0x0000005ed5500000,0x0000005ed5600000] [id=1400]
  0x0000022cdd6fc000 ConcurrentGCThread "G1 Main Marker" [stack: 0x0000005ed4300000,0x0000005ed4400000] [id=8404]
  0x0000022cdd6ff000 ConcurrentGCThread "G1 Conc#0" [stack: 0x0000005ed4400000,0x0000005ed4500000] [id=4728]
  0x0000022cfdc90800 ConcurrentGCThread "G1 Refine#0" [stack: 0x0000005ed4500000,0x0000005ed4600000] [id=2716]
  0x0000022cfebab000 ConcurrentGCThread "G1 Refine#1" [stack: 0x0000005ed5600000,0x0000005ed5700000] [id=9988]
  0x0000022cfdc91000 ConcurrentGCThread "G1 Young RemSet Sampling" [stack: 0x0000005ed4600000,0x0000005ed4700000] [id=10724]

Threads with active compile tasks:
C2 CompilerThread0     3763 2379       4       org.codehaus.plexus.util.xml.XmlReader::read (11 bytes)
C2 CompilerThread1     3763 2520   !   4       org.apache.maven.model.interpolation.StringVisitorModelInterpolator$1::interpolate (97 bytes)

VM state:not at safepoint (normal execution)

VM Mutex/Monitor currently owned by a thread: None

Heap address: 0x0000000080c00000, size: 2036 MB, Compressed Oops mode: 32-bit
Narrow klass base: 0x0000000000000000, Narrow klass shift: 3
Compressed class space size: 1073741824 Address: 0x0000000100000000

Heap:
 garbage-first heap   total 131072K, used 22927K [0x0000000080c00000, 0x0000000100000000)
  region size 1024K, 20 young (20480K), 3 survivors (3072K)
 Metaspace       used 21624K, capacity 22013K, committed 22320K, reserved 1069056K
  class space    used 2278K, capacity 2397K, committed 2432K, reserved 1048576K
Heap Regions: E=young(eden), S=young(survivor), O=old, HS=humongous(starts), HC=humongous(continues), CS=collection set, F=free, A=archive, TAMS=top-at-mark-start (previous, next)
|   0|0x0000000080c00000, 0x0000000080d00000, 0x0000000080d00000|100%| O|  |TAMS 0x0000000080d00000, 0x0000000080c00000| Untracked 
|   1|0x0000000080d00000, 0x0000000080e00000, 0x0000000080e00000|100%| O|  |TAMS 0x0000000080e00000, 0x0000000080d00000| Untracked 
|   2|0x0000000080e00000, 0x0000000080f00000, 0x0000000080f00000|100%| O|  |TAMS 0x0000000080f00000, 0x0000000080e00000| Untracked 
|   3|0x0000000080f00000, 0x0000000080f86c00, 0x0000000081000000| 52%| O|  |TAMS 0x0000000080f86c00, 0x0000000080f00000| Untracked 
|   4|0x0000000081000000, 0x0000000081000000, 0x0000000081100000|  0%| F|  |TAMS 0x0000000081000000, 0x0000000081000000| Untracked 
|   5|0x0000000081100000, 0x0000000081100000, 0x0000000081200000|  0%| F|  |TAMS 0x0000000081100000, 0x0000000081100000| Untracked 
|   6|0x0000000081200000, 0x0000000081200000, 0x0000000081300000|  0%| F|  |TAMS 0x0000000081200000, 0x0000000081200000| Untracked 
|   7|0x0000000081300000, 0x0000000081300000, 0x0000000081400000|  0%| F|  |TAMS 0x0000000081300000, 0x0000000081300000| Untracked 
|   8|0x0000000081400000, 0x0000000081400000, 0x0000000081500000|  0%| F|  |TAMS 0x0000000081400000, 0x0000000081400000| Untracked 
|   9|0x0000000081500000, 0x0000000081500000, 0x0000000081600000|  0%| F|  |TAMS 0x0000000081500000, 0x0000000081500000| Untracked 
|  10|0x0000000081600000, 0x0000000081600000, 0x0000000081700000|  0%| F|  |TAMS 0x0000000081600000, 0x0000000081600000| Untracked 
|  11|0x0000000081700000, 0x0000000081700000, 0x0000000081800000|  0%| F|  |TAMS 0x0000000081700000, 0x0000000081700000| Untracked 
|  12|0x0000000081800000, 0x0000000081800000, 0x0000000081900000|  0%| F|  |TAMS 0x0000000081800000, 0x0000000081800000| Untracked 
|  13|0x0000000081900000, 0x0000000081900000, 0x0000000081a00000|  0%| F|  |TAMS 0x0000000081900000, 0x0000000081900000| Untracked 
|  14|0x0000000081a00000, 0x0000000081a00000, 0x0000000081b00000|  0%| F|  |TAMS 0x0000000081a00000, 0x0000000081a00000| Untracked 
|  15|0x0000000081b00000, 0x0000000081b00000, 0x0000000081c00000|  0%| F|  |TAMS 0x0000000081b00000, 0x0000000081b00000| Untracked 
|  16|0x0000000081c00000, 0x0000000081c00000, 0x0000000081d00000|  0%| F|  |TAMS 0x0000000081c00000, 0x0000000081c00000| Untracked 
|  17|0x0000000081d00000, 0x0000000081d00000, 0x0000000081e00000|  0%| F|  |TAMS 0x0000000081d00000, 0x0000000081d00000| Untracked 
|  18|0x0000000081e00000, 0x0000000081e00000, 0x0000000081f00000|  0%| F|  |TAMS 0x0000000081e00000, 0x0000000081e00000| Untracked 
|  19|0x0000000081f00000, 0x0000000081f00000, 0x0000000082000000|  0%| F|  |TAMS 0x0000000081f00000, 0x0000000081f00000| Untracked 
|  20|0x0000000082000000, 0x0000000082000000, 0x0000000082100000|  0%| F|  |TAMS 0x0000000082000000, 0x0000000082000000| Untracked 
|  21|0x0000000082100000, 0x0000000082100000, 0x0000000082200000|  0%| F|  |TAMS 0x0000000082100000, 0x0000000082100000| Untracked 
|  22|0x0000000082200000, 0x0000000082200000, 0x0000000082300000|  0%| F|  |TAMS 0x0000000082200000, 0x0000000082200000| Untracked 
|  23|0x0000000082300000, 0x0000000082300000, 0x0000000082400000|  0%| F|  |TAMS 0x0000000082300000, 0x0000000082300000| Untracked 
|  24|0x0000000082400000, 0x0000000082400000, 0x0000000082500000|  0%| F|  |TAMS 0x0000000082400000, 0x0000000082400000| Untracked 
|  25|0x0000000082500000, 0x0000000082500000, 0x0000000082600000|  0%| F|  |TAMS 0x0000000082500000, 0x0000000082500000| Untracked 
|  26|0x0000000082600000, 0x0000000082600000, 0x0000000082700000|  0%| F|  |TAMS 0x0000000082600000, 0x0000000082600000| Untracked 
|  27|0x0000000082700000, 0x0000000082700000, 0x0000000082800000|  0%| F|  |TAMS 0x0000000082700000, 0x0000000082700000| Untracked 
|  28|0x0000000082800000, 0x0000000082800000, 0x0000000082900000|  0%| F|  |TAMS 0x0000000082800000, 0x0000000082800000| Untracked 
|  29|0x0000000082900000, 0x0000000082900000, 0x0000000082a00000|  0%| F|  |TAMS 0x0000000082900000, 0x0000000082900000| Untracked 
|  30|0x0000000082a00000, 0x0000000082a00000, 0x0000000082b00000|  0%| F|  |TAMS 0x0000000082a00000, 0x0000000082a00000| Untracked 
|  31|0x0000000082b00000, 0x0000000082b00000, 0x0000000082c00000|  0%| F|  |TAMS 0x0000000082b00000, 0x0000000082b00000| Untracked 
|  32|0x0000000082c00000, 0x0000000082c00000, 0x0000000082d00000|  0%| F|  |TAMS 0x0000000082c00000, 0x0000000082c00000| Untracked 
|  33|0x0000000082d00000, 0x0000000082d00000, 0x0000000082e00000|  0%| F|  |TAMS 0x0000000082d00000, 0x0000000082d00000| Untracked 
|  34|0x0000000082e00000, 0x0000000082e00000, 0x0000000082f00000|  0%| F|  |TAMS 0x0000000082e00000, 0x0000000082e00000| Untracked 
|  35|0x0000000082f00000, 0x0000000082f00000, 0x0000000083000000|  0%| F|  |TAMS 0x0000000082f00000, 0x0000000082f00000| Untracked 
|  36|0x0000000083000000, 0x0000000083000000, 0x0000000083100000|  0%| F|  |TAMS 0x0000000083000000, 0x0000000083000000| Untracked 
|  37|0x0000000083100000, 0x0000000083100000, 0x0000000083200000|  0%| F|  |TAMS 0x0000000083100000, 0x0000000083100000| Untracked 
|  38|0x0000000083200000, 0x0000000083200000, 0x0000000083300000|  0%| F|  |TAMS 0x0000000083200000, 0x0000000083200000| Untracked 
|  39|0x0000000083300000, 0x0000000083300000, 0x0000000083400000|  0%| F|  |TAMS 0x0000000083300000, 0x0000000083300000| Untracked 
|  40|0x0000000083400000, 0x0000000083400000, 0x0000000083500000|  0%| F|  |TAMS 0x0000000083400000, 0x0000000083400000| Untracked 
|  41|0x0000000083500000, 0x0000000083500000, 0x0000000083600000|  0%| F|  |TAMS 0x0000000083500000, 0x0000000083500000| Untracked 
|  42|0x0000000083600000, 0x0000000083600000, 0x0000000083700000|  0%| F|  |TAMS 0x0000000083600000, 0x0000000083600000| Untracked 
|  43|0x0000000083700000, 0x0000000083700000, 0x0000000083800000|  0%| F|  |TAMS 0x0000000083700000, 0x0000000083700000| Untracked 
|  44|0x0000000083800000, 0x0000000083800000, 0x0000000083900000|  0%| F|  |TAMS 0x0000000083800000, 0x0000000083800000| Untracked 
|  45|0x0000000083900000, 0x0000000083900000, 0x0000000083a00000|  0%| F|  |TAMS 0x0000000083900000, 0x0000000083900000| Untracked 
|  46|0x0000000083a00000, 0x0000000083a00000, 0x0000000083b00000|  0%| F|  |TAMS 0x0000000083a00000, 0x0000000083a00000| Untracked 
|  47|0x0000000083b00000, 0x0000000083b00000, 0x0000000083c00000|  0%| F|  |TAMS 0x0000000083b00000, 0x0000000083b00000| Untracked 
|  48|0x0000000083c00000, 0x0000000083c00000, 0x0000000083d00000|  0%| F|  |TAMS 0x0000000083c00000, 0x0000000083c00000| Untracked 
|  49|0x0000000083d00000, 0x0000000083d00000, 0x0000000083e00000|  0%| F|  |TAMS 0x0000000083d00000, 0x0000000083d00000| Untracked 
|  50|0x0000000083e00000, 0x0000000083e00000, 0x0000000083f00000|  0%| F|  |TAMS 0x0000000083e00000, 0x0000000083e00000| Untracked 
|  51|0x0000000083f00000, 0x0000000083f00000, 0x0000000084000000|  0%| F|  |TAMS 0x0000000083f00000, 0x0000000083f00000| Untracked 
|  52|0x0000000084000000, 0x0000000084000000, 0x0000000084100000|  0%| F|  |TAMS 0x0000000084000000, 0x0000000084000000| Untracked 
|  53|0x0000000084100000, 0x0000000084100000, 0x0000000084200000|  0%| F|  |TAMS 0x0000000084100000, 0x0000000084100000| Untracked 
|  54|0x0000000084200000, 0x0000000084200000, 0x0000000084300000|  0%| F|  |TAMS 0x0000000084200000, 0x0000000084200000| Untracked 
|  55|0x0000000084300000, 0x0000000084300000, 0x0000000084400000|  0%| F|  |TAMS 0x0000000084300000, 0x0000000084300000| Untracked 
|  56|0x0000000084400000, 0x0000000084400000, 0x0000000084500000|  0%| F|  |TAMS 0x0000000084400000, 0x0000000084400000| Untracked 
|  57|0x0000000084500000, 0x0000000084500000, 0x0000000084600000|  0%| F|  |TAMS 0x0000000084500000, 0x0000000084500000| Untracked 
|  58|0x0000000084600000, 0x0000000084600000, 0x0000000084700000|  0%| F|  |TAMS 0x0000000084600000, 0x0000000084600000| Untracked 
|  59|0x0000000084700000, 0x0000000084700000, 0x0000000084800000|  0%| F|  |TAMS 0x0000000084700000, 0x0000000084700000| Untracked 
|  60|0x0000000084800000, 0x0000000084800000, 0x0000000084900000|  0%| F|  |TAMS 0x0000000084800000, 0x0000000084800000| Untracked 
|  61|0x0000000084900000, 0x0000000084900000, 0x0000000084a00000|  0%| F|  |TAMS 0x0000000084900000, 0x0000000084900000| Untracked 
|  62|0x0000000084a00000, 0x0000000084a00000, 0x0000000084b00000|  0%| F|  |TAMS 0x0000000084a00000, 0x0000000084a00000| Untracked 
|  63|0x0000000084b00000, 0x0000000084b00000, 0x0000000084c00000|  0%| F|  |TAMS 0x0000000084b00000, 0x0000000084b00000| Untracked 
|  64|0x0000000084c00000, 0x0000000084c00000, 0x0000000084d00000|  0%| F|  |TAMS 0x0000000084c00000, 0x0000000084c00000| Untracked 
|  65|0x0000000084d00000, 0x0000000084d00000, 0x0000000084e00000|  0%| F|  |TAMS 0x0000000084d00000, 0x0000000084d00000| Untracked 
|  66|0x0000000084e00000, 0x0000000084e00000, 0x0000000084f00000|  0%| F|  |TAMS 0x0000000084e00000, 0x0000000084e00000| Untracked 
|  67|0x0000000084f00000, 0x0000000084f00000, 0x0000000085000000|  0%| F|  |TAMS 0x0000000084f00000, 0x0000000084f00000| Untracked 
|  68|0x0000000085000000, 0x0000000085000000, 0x0000000085100000|  0%| F|  |TAMS 0x0000000085000000, 0x0000000085000000| Untracked 
|  69|0x0000000085100000, 0x0000000085100000, 0x0000000085200000|  0%| F|  |TAMS 0x0000000085100000, 0x0000000085100000| Untracked 
|  70|0x0000000085200000, 0x0000000085200000, 0x0000000085300000|  0%| F|  |TAMS 0x0000000085200000, 0x0000000085200000| Untracked 
|  71|0x0000000085300000, 0x0000000085300000, 0x0000000085400000|  0%| F|  |TAMS 0x0000000085300000, 0x0000000085300000| Untracked 
|  72|0x0000000085400000, 0x0000000085400000, 0x0000000085500000|  0%| F|  |TAMS 0x0000000085400000, 0x0000000085400000| Untracked 
|  73|0x0000000085500000, 0x0000000085500000, 0x0000000085600000|  0%| F|  |TAMS 0x0000000085500000, 0x0000000085500000| Untracked 
|  74|0x0000000085600000, 0x0000000085600000, 0x0000000085700000|  0%| F|  |TAMS 0x0000000085600000, 0x0000000085600000| Untracked 
|  75|0x0000000085700000, 0x0000000085700000, 0x0000000085800000|  0%| F|  |TAMS 0x0000000085700000, 0x0000000085700000| Untracked 
|  76|0x0000000085800000, 0x0000000085800000, 0x0000000085900000|  0%| F|  |TAMS 0x0000000085800000, 0x0000000085800000| Untracked 
|  77|0x0000000085900000, 0x0000000085900000, 0x0000000085a00000|  0%| F|  |TAMS 0x0000000085900000, 0x0000000085900000| Untracked 
|  78|0x0000000085a00000, 0x0000000085a00000, 0x0000000085b00000|  0%| F|  |TAMS 0x0000000085a00000, 0x0000000085a00000| Untracked 
|  79|0x0000000085b00000, 0x0000000085b00000, 0x0000000085c00000|  0%| F|  |TAMS 0x0000000085b00000, 0x0000000085b00000| Untracked 
|  80|0x0000000085c00000, 0x0000000085c00000, 0x0000000085d00000|  0%| F|  |TAMS 0x0000000085c00000, 0x0000000085c00000| Untracked 
|  81|0x0000000085d00000, 0x0000000085d00000, 0x0000000085e00000|  0%| F|  |TAMS 0x0000000085d00000, 0x0000000085d00000| Untracked 
|  82|0x0000000085e00000, 0x0000000085e00000, 0x0000000085f00000|  0%| F|  |TAMS 0x0000000085e00000, 0x0000000085e00000| Untracked 
|  83|0x0000000085f00000, 0x0000000085f00000, 0x0000000086000000|  0%| F|  |TAMS 0x0000000085f00000, 0x0000000085f00000| Untracked 
|  84|0x0000000086000000, 0x0000000086000000, 0x0000000086100000|  0%| F|  |TAMS 0x0000000086000000, 0x0000000086000000| Untracked 
|  85|0x0000000086100000, 0x0000000086100000, 0x0000000086200000|  0%| F|  |TAMS 0x0000000086100000, 0x0000000086100000| Untracked 
|  86|0x0000000086200000, 0x0000000086200000, 0x0000000086300000|  0%| F|  |TAMS 0x0000000086200000, 0x0000000086200000| Untracked 
|  87|0x0000000086300000, 0x0000000086300000, 0x0000000086400000|  0%| F|  |TAMS 0x0000000086300000, 0x0000000086300000| Untracked 
|  88|0x0000000086400000, 0x0000000086400000, 0x0000000086500000|  0%| F|  |TAMS 0x0000000086400000, 0x0000000086400000| Untracked 
|  89|0x0000000086500000, 0x0000000086500000, 0x0000000086600000|  0%| F|  |TAMS 0x0000000086500000, 0x0000000086500000| Untracked 
|  90|0x0000000086600000, 0x0000000086600000, 0x0000000086700000|  0%| F|  |TAMS 0x0000000086600000, 0x0000000086600000| Untracked 
|  91|0x0000000086700000, 0x0000000086700000, 0x0000000086800000|  0%| F|  |TAMS 0x0000000086700000, 0x0000000086700000| Untracked 
|  92|0x0000000086800000, 0x00000000868dd1d0, 0x0000000086900000| 86%| S|CS|TAMS 0x0000000086800000, 0x0000000086800000| Complete 
|  93|0x0000000086900000, 0x0000000086a00000, 0x0000000086a00000|100%| S|CS|TAMS 0x0000000086900000, 0x0000000086900000| Complete 
|  94|0x0000000086a00000, 0x0000000086b00000, 0x0000000086b00000|100%| S|CS|TAMS 0x0000000086a00000, 0x0000000086a00000| Complete 
|  95|0x0000000086b00000, 0x0000000086b00000, 0x0000000086c00000|  0%| F|  |TAMS 0x0000000086b00000, 0x0000000086b00000| Untracked 
|  96|0x0000000086c00000, 0x0000000086c00000, 0x0000000086d00000|  0%| F|  |TAMS 0x0000000086c00000, 0x0000000086c00000| Untracked 
|  97|0x0000000086d00000, 0x0000000086d00000, 0x0000000086e00000|  0%| F|  |TAMS 0x0000000086d00000, 0x0000000086d00000| Untracked 
|  98|0x0000000086e00000, 0x0000000086e00000, 0x0000000086f00000|  0%| F|  |TAMS 0x0000000086e00000, 0x0000000086e00000| Untracked 
|  99|0x0000000086f00000, 0x0000000086f00000, 0x0000000087000000|  0%| F|  |TAMS 0x0000000086f00000, 0x0000000086f00000| Untracked 
| 100|0x0000000087000000, 0x0000000087000000, 0x0000000087100000|  0%| F|  |TAMS 0x0000000087000000, 0x0000000087000000| Untracked 
| 101|0x0000000087100000, 0x0000000087100000, 0x0000000087200000|  0%| F|  |TAMS 0x0000000087100000, 0x0000000087100000| Untracked 
| 102|0x0000000087200000, 0x0000000087200000, 0x0000000087300000|  0%| F|  |TAMS 0x0000000087200000, 0x0000000087200000| Untracked 
| 103|0x0000000087300000, 0x0000000087300000, 0x0000000087400000|  0%| F|  |TAMS 0x0000000087300000, 0x0000000087300000| Untracked 
| 104|0x0000000087400000, 0x0000000087400000, 0x0000000087500000|  0%| F|  |TAMS 0x0000000087400000, 0x0000000087400000| Untracked 
| 105|0x0000000087500000, 0x0000000087500000, 0x0000000087600000|  0%| F|  |TAMS 0x0000000087500000, 0x0000000087500000| Untracked 
| 106|0x0000000087600000, 0x0000000087600000, 0x0000000087700000|  0%| F|  |TAMS 0x0000000087600000, 0x0000000087600000| Untracked 
| 107|0x0000000087700000, 0x0000000087700000, 0x0000000087800000|  0%| F|  |TAMS 0x0000000087700000, 0x0000000087700000| Untracked 
| 108|0x0000000087800000, 0x0000000087800000, 0x0000000087900000|  0%| F|  |TAMS 0x0000000087800000, 0x0000000087800000| Untracked 
| 109|0x0000000087900000, 0x0000000087900000, 0x0000000087a00000|  0%| F|  |TAMS 0x0000000087900000, 0x0000000087900000| Untracked 
| 110|0x0000000087a00000, 0x0000000087a00000, 0x0000000087b00000|  0%| F|  |TAMS 0x0000000087a00000, 0x0000000087a00000| Untracked 
| 111|0x0000000087b00000, 0x0000000087b80800, 0x0000000087c00000| 50%| E|  |TAMS 0x0000000087b00000, 0x0000000087b00000| Complete 
| 112|0x0000000087c00000, 0x0000000087d00000, 0x0000000087d00000|100%| E|CS|TAMS 0x0000000087c00000, 0x0000000087c00000| Complete 
| 113|0x0000000087d00000, 0x0000000087e00000, 0x0000000087e00000|100%| E|CS|TAMS 0x0000000087d00000, 0x0000000087d00000| Complete 
| 114|0x0000000087e00000, 0x0000000087f00000, 0x0000000087f00000|100%| E|CS|TAMS 0x0000000087e00000, 0x0000000087e00000| Complete 
| 115|0x0000000087f00000, 0x0000000088000000, 0x0000000088000000|100%| E|CS|TAMS 0x0000000087f00000, 0x0000000087f00000| Complete 
| 116|0x0000000088000000, 0x0000000088100000, 0x0000000088100000|100%| E|CS|TAMS 0x0000000088000000, 0x0000000088000000| Complete 
| 117|0x0000000088100000, 0x0000000088200000, 0x0000000088200000|100%| E|CS|TAMS 0x0000000088100000, 0x0000000088100000| Complete 
| 118|0x0000000088200000, 0x0000000088300000, 0x0000000088300000|100%| E|CS|TAMS 0x0000000088200000, 0x0000000088200000| Complete 
| 119|0x0000000088300000, 0x0000000088400000, 0x0000000088400000|100%| E|CS|TAMS 0x0000000088300000, 0x0000000088300000| Complete 
| 120|0x0000000088400000, 0x0000000088500000, 0x0000000088500000|100%| E|CS|TAMS 0x0000000088400000, 0x0000000088400000| Complete 
| 121|0x0000000088500000, 0x0000000088600000, 0x0000000088600000|100%| E|CS|TAMS 0x0000000088500000, 0x0000000088500000| Complete 
| 122|0x0000000088600000, 0x0000000088700000, 0x0000000088700000|100%| E|CS|TAMS 0x0000000088600000, 0x0000000088600000| Complete 
| 123|0x0000000088700000, 0x0000000088800000, 0x0000000088800000|100%| E|CS|TAMS 0x0000000088700000, 0x0000000088700000| Complete 
| 124|0x0000000088800000, 0x0000000088900000, 0x0000000088900000|100%| E|CS|TAMS 0x0000000088800000, 0x0000000088800000| Complete 
| 125|0x0000000088900000, 0x0000000088a00000, 0x0000000088a00000|100%| E|CS|TAMS 0x0000000088900000, 0x0000000088900000| Complete 
| 126|0x0000000088a00000, 0x0000000088b00000, 0x0000000088b00000|100%| E|CS|TAMS 0x0000000088a00000, 0x0000000088a00000| Complete 
| 127|0x0000000088b00000, 0x0000000088c00000, 0x0000000088c00000|100%| E|CS|TAMS 0x0000000088b00000, 0x0000000088b00000| Complete 

Card table byte_map: [0x0000022cf7040000,0x0000022cf7440000] _byte_map_base: 0x0000022cf6c3a000

Marking Bits (Prev, Next): (CMBitMap*) 0x0000022cdd6f3340, (CMBitMap*) 0x0000022cdd6f3308
 Prev Bits: [0x0000022cf9810000, 0x0000022cfb7e0000)
 Next Bits: [0x0000022cf7840000, 0x0000022cf9810000)

Polling page: 0x0000022cdd790000

Metaspace:

Usage:
  Non-class:     19.16 MB capacity,    18.90 MB ( 99%) used,   239.84 KB (  1%) free+waste,    26.00 KB ( <1%) overhead. 
      Class:      2.34 MB capacity,     2.23 MB ( 95%) used,   107.76 KB (  4%) free+waste,    10.31 KB ( <1%) overhead. 
       Both:     21.50 MB capacity,    21.12 MB ( 98%) used,   347.60 KB (  2%) free+waste,    36.31 KB ( <1%) overhead. 

Virtual space:
  Non-class space:       20.00 MB reserved,      19.42 MB ( 97%) committed 
      Class space:        1.00 GB reserved,       2.38 MB ( <1%) committed 
             Both:        1.02 GB reserved,      21.80 MB (  2%) committed 

Chunk freelists:
   Non-Class:  32.00 KB
       Class:  3.00 KB
        Both:  35.00 KB

MaxMetaspaceSize: 17179869184.00 GB
CompressedClassSpaceSize: 1.00 GB
Initial GC threshold: 20.80 MB
Current GC threshold: 35.08 MB
CDS: off

CodeHeap 'non-profiled nmethods': size=120064Kb used=1113Kb max_used=1113Kb free=118950Kb
 bounds [0x0000022cef0e0000, 0x0000022cef350000, 0x0000022cf6620000]
CodeHeap 'profiled nmethods': size=120000Kb used=5208Kb max_used=5208Kb free=114792Kb
 bounds [0x0000022ce7bb0000, 0x0000022ce80d0000, 0x0000022cef0e0000]
CodeHeap 'non-nmethods': size=5696Kb used=1161Kb max_used=1209Kb free=4534Kb
 bounds [0x0000022ce7620000, 0x0000022ce7890000, 0x0000022ce7bb0000]
 total_blobs=2976 nmethods=2558 adapters=330
 compilation: enabled
              stopped_count=0, restarted_count=0
 full_count=0

Compilation events (20 events):
Event: 3.538 Thread 0x0000022cfde6f000 nmethod 2403 0x0000022ce8072610 code [0x0000022ce80727e0, 0x0000022ce8072a78]
Event: 3.544 Thread 0x0000022cfde6f000 2405       3       org.codehaus.plexus.configuration.DefaultPlexusConfiguration::getAttribute (14 bytes)
Event: 3.544 Thread 0x0000022cfde6f000 nmethod 2405 0x0000022ce8072b90 code [0x0000022ce8072d60, 0x0000022ce8073008]
Event: 3.544 Thread 0x0000022cfde6f000 2406       3       org.codehaus.plexus.configuration.DefaultPlexusConfiguration::getValue (16 bytes)
Event: 3.545 Thread 0x0000022cfde6f000 nmethod 2406 0x0000022ce8073110 code [0x0000022ce80732c0, 0x0000022ce8073418]
Event: 3.545 Thread 0x0000022cfde6f000 2407       3       java.util.LinkedList::contains (14 bytes)
Event: 3.545 Thread 0x0000022cfde6f000 nmethod 2407 0x0000022ce8073490 code [0x0000022ce8073640, 0x0000022ce80737e8]
Event: 3.545 Thread 0x0000022cfde6f000 2408       1       org.apache.maven.plugin.descriptor.Parameter::getImplementation (5 bytes)
Event: 3.545 Thread 0x0000022cfde6f000 nmethod 2408 0x0000022cef1e1390 code [0x0000022cef1e1540, 0x0000022cef1e15f8]
Event: 3.546 Thread 0x0000022cfde6f000 2409       3       java.util.LinkedList$ListItr::hasNext (20 bytes)
Event: 3.546 Thread 0x0000022cfde6f000 nmethod 2409 0x0000022ce8073890 code [0x0000022ce8073a40, 0x0000022ce8073bb8]
Event: 3.546 Thread 0x0000022cfde6f000 2410       3       java.util.ArrayList::listIterator (15 bytes)
Event: 3.546 Thread 0x0000022cfde6f000 nmethod 2410 0x0000022ce8073c90 code [0x0000022ce8073ea0, 0x0000022ce80743d8]
Event: 3.546 Thread 0x0000022cfde6f000 2411       3       org.codehaus.plexus.util.StringUtils::isEmpty (20 bytes)
Event: 3.547 Thread 0x0000022cfde6f000 nmethod 2411 0x0000022ce8074610 code [0x0000022ce8074800, 0x0000022ce8074c78]
Event: 3.551 Thread 0x0000022cfde6f000 2412       3       java.lang.String::toUpperCase (29 bytes)
Event: 3.552 Thread 0x0000022cfde6f000 nmethod 2412 0x0000022ce8074e10 code [0x0000022ce8074fe0, 0x0000022ce8075278]
Event: 3.552 Thread 0x0000022cfde6f000 2413       1       org.apache.maven.model.Dependency::setArtifactId (6 bytes)
Event: 3.552 Thread 0x0000022cfde6f000 nmethod 2413 0x0000022cef1e1690 code [0x0000022cef1e1840, 0x0000022cef1e1938]
Event: 3.554 Thread 0x0000022cfde6f000 2415   !   3       org.apache.maven.model.PluginExecution::clone (83 bytes)

GC Heap History (8 events):
Event: 1.298 GC heap before
{Heap before GC invocations=0 (full 0):
 garbage-first heap   total 131072K, used 14336K [0x0000000080c00000, 0x0000000100000000)
  region size 1024K, 14 young (14336K), 0 survivors (0K)
 Metaspace       used 11783K, capacity 12099K, committed 12288K, reserved 1060864K
  class space    used 1095K, capacity 1204K, committed 1280K, reserved 1048576K
}
Event: 1.307 GC heap after
{Heap after GC invocations=1 (full 0):
 garbage-first heap   total 131072K, used 3527K [0x0000000080c00000, 0x0000000100000000)
  region size 1024K, 2 young (2048K), 2 survivors (2048K)
 Metaspace       used 11783K, capacity 12099K, committed 12288K, reserved 1060864K
  class space    used 1095K, capacity 1204K, committed 1280K, reserved 1048576K
}
Event: 1.442 GC heap before
{Heap before GC invocations=1 (full 0):
 garbage-first heap   total 131072K, used 7623K [0x0000000080c00000, 0x0000000100000000)
  region size 1024K, 6 young (6144K), 2 survivors (2048K)
 Metaspace       used 12692K, capacity 12931K, committed 13184K, reserved 1060864K
  class space    used 1227K, capacity 1332K, committed 1408K, reserved 1048576K
}
Event: 1.447 GC heap after
{Heap after GC invocations=2 (full 0):
 garbage-first heap   total 131072K, used 3818K [0x0000000080c00000, 0x0000000100000000)
  region size 1024K, 1 young (1024K), 1 survivors (1024K)
 Metaspace       used 12692K, capacity 12931K, committed 13184K, reserved 1060864K
  class space    used 1227K, capacity 1332K, committed 1408K, reserved 1048576K
}
Event: 2.045 GC heap before
{Heap before GC invocations=2 (full 0):
 garbage-first heap   total 131072K, used 27370K [0x0000000080c00000, 0x0000000100000000)
  region size 1024K, 24 young (24576K), 1 survivors (1024K)
 Metaspace       used 15201K, capacity 15440K, committed 15488K, reserved 1062912K
  class space    used 1537K, capacity 1630K, committed 1664K, reserved 1048576K
}
Event: 2.049 GC heap after
{Heap after GC invocations=3 (full 0):
 garbage-first heap   total 131072K, used 4630K [0x0000000080c00000, 0x0000000100000000)
  region size 1024K, 1 young (1024K), 1 survivors (1024K)
 Metaspace       used 15201K, capacity 15440K, committed 15488K, reserved 1062912K
  class space    used 1537K, capacity 1630K, committed 1664K, reserved 1048576K
}
Event: 3.191 GC heap before
{Heap before GC invocations=3 (full 0):
 garbage-first heap   total 131072K, used 36374K [0x0000000080c00000, 0x0000000100000000)
  region size 1024K, 33 young (33792K), 1 survivors (1024K)
 Metaspace       used 20715K, capacity 21090K, committed 21296K, reserved 1069056K
  class space    used 2203K, capacity 2327K, committed 2432K, reserved 1048576K
}
Event: 3.205 GC heap after
{Heap after GC invocations=4 (full 0):
 garbage-first heap   total 131072K, used 6543K [0x0000000080c00000, 0x0000000100000000)
  region size 1024K, 3 young (3072K), 3 survivors (3072K)
 Metaspace       used 20715K, capacity 21090K, committed 21296K, reserved 1069056K
  class space    used 2203K, capacity 2327K, committed 2432K, reserved 1048576K
}

Deoptimization events (20 events):
Event: 3.526 Thread 0x0000022cdd6b0000 Uncommon trap: trap_request=0xffffff4d fr.pc=0x0000022cef17e360 relative=0x00000000000001c0
Event: 3.526 Thread 0x0000022cdd6b0000 Uncommon trap: reason=unstable_if action=reinterpret pc=0x0000022cef17e360 method=java.lang.String.indexOf(Ljava/lang/String;)I @ 8 c2
Event: 3.526 Thread 0x0000022cdd6b0000 DEOPT PACKING pc=0x0000022cef17e360 sp=0x0000005ed41fd4a0
Event: 3.526 Thread 0x0000022cdd6b0000 DEOPT UNPACKING pc=0x0000022ce766a1af sp=0x0000005ed41fd438 mode 2
Event: 3.535 Thread 0x0000022cdd6b0000 DEOPT PACKING pc=0x0000022ce802d717 sp=0x0000005ed41fd050
Event: 3.535 Thread 0x0000022cdd6b0000 DEOPT UNPACKING pc=0x0000022ce766a95e sp=0x0000005ed41fc5d8 mode 0
Event: 3.536 Thread 0x0000022cdd6b0000 DEOPT PACKING pc=0x0000022ce802d717 sp=0x0000005ed41fd120
Event: 3.536 Thread 0x0000022cdd6b0000 DEOPT UNPACKING pc=0x0000022ce766a95e sp=0x0000005ed41fc6a8 mode 0
Event: 3.537 Thread 0x0000022cdd6b0000 DEOPT PACKING pc=0x0000022ce802d717 sp=0x0000005ed41fd120
Event: 3.537 Thread 0x0000022cdd6b0000 DEOPT UNPACKING pc=0x0000022ce766a95e sp=0x0000005ed41fc6a8 mode 0
Event: 3.538 Thread 0x0000022cdd6b0000 DEOPT PACKING pc=0x0000022ce802d717 sp=0x0000005ed41fd120
Event: 3.538 Thread 0x0000022cdd6b0000 DEOPT UNPACKING pc=0x0000022ce766a95e sp=0x0000005ed41fc6a8 mode 0
Event: 3.539 Thread 0x0000022cdd6b0000 DEOPT PACKING pc=0x0000022ce802d717 sp=0x0000005ed41fcf40
Event: 3.539 Thread 0x0000022cdd6b0000 DEOPT UNPACKING pc=0x0000022ce766a95e sp=0x0000005ed41fc4c8 mode 0
Event: 3.539 Thread 0x0000022cdd6b0000 DEOPT PACKING pc=0x0000022ce802d717 sp=0x0000005ed41fd120
Event: 3.539 Thread 0x0000022cdd6b0000 DEOPT UNPACKING pc=0x0000022ce766a95e sp=0x0000005ed41fc6a8 mode 0
Event: 3.540 Thread 0x0000022cdd6b0000 DEOPT PACKING pc=0x0000022ce802d717 sp=0x0000005ed41fd0e0
Event: 3.540 Thread 0x0000022cdd6b0000 DEOPT UNPACKING pc=0x0000022ce766a95e sp=0x0000005ed41fc668 mode 0
Event: 3.541 Thread 0x0000022cdd6b0000 DEOPT PACKING pc=0x0000022ce802d717 sp=0x0000005ed41fd120
Event: 3.541 Thread 0x0000022cdd6b0000 DEOPT UNPACKING pc=0x0000022ce766a95e sp=0x0000005ed41fc6a8 mode 0

Classes redefined (0 events):
No events

Internal exceptions (8 events):
Event: 0.300 Thread 0x0000022cdd6b0000 Exception <a 'java/security/PrivilegedActionException'{0x0000000088acc700}> (0x0000000088acc700) thrown at [./src/hotspot/share/prims/jvm.cpp, line 1306]
Event: 0.300 Thread 0x0000022cdd6b0000 Exception <a 'java/security/PrivilegedActionException'{0x0000000088acc9d0}> (0x0000000088acc9d0) thrown at [./src/hotspot/share/prims/jvm.cpp, line 1306]
Event: 0.503 Thread 0x0000022cdd6b0000 Exception <a 'java/lang/NoSuchMethodError'{0x000000008865a3d0}: 'java.lang.Object java.lang.invoke.DirectMethodHandle$Holder.invokeStaticInit(java.lang.Object, int, int, int, int)'> (0x000000008865a3d0) thrown at [./src/hotspot/share/interpreter/linkResolver.cpp, line 773]
Event: 0.783 Thread 0x0000022cdd6b0000 Exception <a 'java/lang/NoSuchMethodError'{0x000000008868e020}: 'java.lang.Object java.lang.invoke.DirectMethodHandle$Holder.invokeStaticInit(java.lang.Object, java.lang.Object, int, int, int, int)'> (0x000000008868e020) thrown at [./src/hotspot/share/interpreter/linkResolver.cpp, line 773]
Event: 1.100 Thread 0x0000022cfde68800 Exception <a 'java/lang/NoSuchMethodError'{0x00000000881e0608}: 'java.lang.Object java.lang.invoke.DirectMethodHandle$Holder.invokeStaticInit(java.lang.Object, int)'> (0x00000000881e0608) thrown at [./src/hotspot/share/interpreter/linkResolver.cpp, line 773]
Event: 2.724 Thread 0x0000022cdd6b0000 Exception <a 'java/lang/NoClassDefFoundError'{0x00000000876e2260}: com/google/inject/servlet/ServletModuleTargetVisitor> (0x00000000876e2260) thrown at [./src/hotspot/share/classfile/systemDictionary.cpp, line 219]
Event: 2.724 Thread 0x0000022cdd6b0000 Exception <a 'java/lang/NoClassDefFoundError'{0x00000000876e2260}> (0x00000000876e2260) thrown at [./src/hotspot/share/prims/jvm.cpp, line 1310]
Event: 2.724 Thread 0x0000022cdd6b0000 Exception <a 'java/lang/NoClassDefFoundError'{0x00000000876e5270}: javax/annotation/Priority> (0x00000000876e5270) thrown at [./src/hotspot/share/classfile/systemDictionary.cpp, line 219]

Events (20 events):
Event: 3.347 loading class org/apache/maven/plugin/MojoExecution$Source
Event: 3.347 loading class org/apache/maven/plugin/MojoExecution$Source done
Event: 3.349 loading class java/util/TreeMap$Values
Event: 3.349 loading class java/util/TreeMap$Values done
Event: 3.349 loading class java/util/TreeMap$ValueIterator
Event: 3.349 loading class java/util/TreeMap$ValueIterator done
Event: 3.356 loading class org/apache/maven/model/Site
Event: 3.356 loading class org/apache/maven/model/Site done
Event: 3.365 loading class org/apache/maven/model/Notifier
Event: 3.365 loading class org/apache/maven/model/Notifier done
Event: 3.385 loading class org/apache/maven/model/merge/ModelMerger$NotifierKeyComputer
Event: 3.385 loading class org/apache/maven/model/merge/ModelMerger$NotifierKeyComputer done
Event: 3.405 loading class org/apache/maven/lifecycle/internal/DefaultMojoExecutionConfigurator
Event: 3.405 loading class org/apache/maven/lifecycle/internal/DefaultMojoExecutionConfigurator done
Event: 3.406 loading class org/apache/maven/lifecycle/internal/DefaultMojoExecutionConfigurator
Event: 3.406 loading class org/apache/maven/lifecycle/internal/DefaultMojoExecutionConfigurator done
Event: 3.406 loading class org/apache/maven/lifecycle/internal/DefaultMojoExecutionConfigurator
Event: 3.406 loading class org/apache/maven/lifecycle/internal/DefaultMojoExecutionConfigurator done
Event: 3.452 loading class org/apache/maven/model/Exclusion
Event: 3.452 loading class org/apache/maven/model/Exclusion done


Dynamic libraries:
0x00007ff7eb500000 - 0x00007ff7eb50d000 	C:\Users\user\.jdks\corretto-11.0.18\bin\java.exe
0x00007ffbf1690000 - 0x00007ffbf1888000 	C:\Windows\SYSTEM32\ntdll.dll
0x00007ffbde400000 - 0x00007ffbde419000 	C:\Program Files\Avast Software\Avast\aswhook.dll
0x00007ffbf0bb0000 - 0x00007ffbf0c6d000 	C:\Windows\System32\KERNEL32.DLL
0x00007ffbef380000 - 0x00007ffbef64e000 	C:\Windows\System32\KERNELBASE.dll
0x00007ffbef210000 - 0x00007ffbef310000 	C:\Windows\System32\ucrtbase.dll
0x00007ffbe3270000 - 0x00007ffbe3287000 	C:\Users\user\.jdks\corretto-11.0.18\bin\jli.dll
0x00007ffbe3290000 - 0x00007ffbe32a9000 	C:\Users\user\.jdks\corretto-11.0.18\bin\VCRUNTIME140.dll
0x00007ffbef6f0000 - 0x00007ffbef890000 	C:\Windows\System32\USER32.dll
0x00007ffbef030000 - 0x00007ffbef052000 	C:\Windows\System32\win32u.dll
0x00007ffbe0470000 - 0x00007ffbe070a000 	C:\Windows\WinSxS\amd64_microsoft.windows.common-controls_6595b64144ccf1df_6.0.19041.1110_none_60b5254171f9507e\COMCTL32.dll
0x00007ffbf0b60000 - 0x00007ffbf0b8a000 	C:\Windows\System32\GDI32.dll
0x00007ffbf0490000 - 0x00007ffbf052e000 	C:\Windows\System32\msvcrt.dll
0x00007ffbeee60000 - 0x00007ffbeef6b000 	C:\Windows\System32\gdi32full.dll
0x00007ffbef650000 - 0x00007ffbef6ed000 	C:\Windows\System32\msvcp_win.dll
0x00007ffbef920000 - 0x00007ffbef950000 	C:\Windows\System32\IMM32.DLL
0x00007ffbcb750000 - 0x00007ffbcb7eb000 	C:\Users\user\.jdks\corretto-11.0.18\bin\msvcp140.dll
0x00007ffbb4900000 - 0x00007ffbb548a000 	C:\Users\user\.jdks\corretto-11.0.18\bin\server\jvm.dll
0x00007ffbef9b0000 - 0x00007ffbefa5e000 	C:\Windows\System32\ADVAPI32.dll
0x00007ffbf15b0000 - 0x00007ffbf164c000 	C:\Windows\System32\sechost.dll
0x00007ffbf09a0000 - 0x00007ffbf0ac5000 	C:\Windows\System32\RPCRT4.dll
0x00007ffbefc80000 - 0x00007ffbefc88000 	C:\Windows\System32\PSAPI.DLL
0x00007ffbded80000 - 0x00007ffbded89000 	C:\Windows\SYSTEM32\WSOCK32.dll
0x00007ffbe0d30000 - 0x00007ffbe0d57000 	C:\Windows\SYSTEM32\WINMM.dll
0x00007ffbf1540000 - 0x00007ffbf15ab000 	C:\Windows\System32\WS2_32.dll
0x00007ffbe5b10000 - 0x00007ffbe5b1a000 	C:\Windows\SYSTEM32\VERSION.dll
0x00007ffbecbd0000 - 0x00007ffbecbe2000 	C:\Windows\SYSTEM32\kernel.appcore.dll
0x00007ffbe3140000 - 0x00007ffbe3150000 	C:\Users\user\.jdks\corretto-11.0.18\bin\verify.dll
0x00007ffbe3e00000 - 0x00007ffbe3fe4000 	C:\Windows\SYSTEM32\DBGHELP.DLL
0x00007ffbe3dd0000 - 0x00007ffbe3dfc000 	C:\Windows\SYSTEM32\dbgcore.DLL
0x00007ffbeef70000 - 0x00007ffbeeff2000 	C:\Windows\System32\bcryptPrimitives.dll
0x00007ffbde7a0000 - 0x00007ffbde7c8000 	C:\Users\user\.jdks\corretto-11.0.18\bin\java.dll
0x00007ffbe1d10000 - 0x00007ffbe1d1a000 	C:\Users\user\.jdks\corretto-11.0.18\bin\jimage.dll
0x00007ffbe4110000 - 0x00007ffbe411e000 	C:\Users\user\.jdks\corretto-11.0.18\bin\instrument.dll
0x00007ffbe1620000 - 0x00007ffbe1638000 	C:\Users\user\.jdks\corretto-11.0.18\bin\zip.dll
0x00007ffbf0df0000 - 0x00007ffbf1534000 	C:\Windows\System32\SHELL32.dll
0x00007ffbeceb0000 - 0x00007ffbed644000 	C:\Windows\SYSTEM32\windows.storage.dll
0x00007ffbf05e0000 - 0x00007ffbf0934000 	C:\Windows\System32\combase.dll
0x00007ffbee740000 - 0x00007ffbee770000 	C:\Windows\SYSTEM32\Wldp.dll
0x00007ffbf0530000 - 0x00007ffbf05dd000 	C:\Windows\System32\SHCORE.dll
0x00007ffbf0d90000 - 0x00007ffbf0de5000 	C:\Windows\System32\shlwapi.dll
0x00007ffbeecf0000 - 0x00007ffbeed0f000 	C:\Windows\SYSTEM32\profapi.dll
0x00007ffbdf740000 - 0x00007ffbdf759000 	C:\Users\user\.jdks\corretto-11.0.18\bin\net.dll
0x00007ffbe0f50000 - 0x00007ffbe105a000 	C:\Windows\SYSTEM32\WINHTTP.dll
0x00007ffbee4a0000 - 0x00007ffbee50a000 	C:\Windows\system32\mswsock.dll
0x00007ffbded90000 - 0x00007ffbdeda3000 	C:\Users\user\.jdks\corretto-11.0.18\bin\nio.dll
0x00007ffbe1e10000 - 0x00007ffbe1e2a000 	C:\Program Files\JetBrains\IntelliJ IDEA 2022.3.3\bin\breakgen64.dll
0x00007ffbee690000 - 0x00007ffbee6a8000 	C:\Windows\SYSTEM32\CRYPTSP.dll
0x00007ffbede20000 - 0x00007ffbede54000 	C:\Windows\system32\rsaenh.dll
0x00007ffbef000000 - 0x00007ffbef027000 	C:\Windows\System32\bcrypt.dll
0x00007ffbeec70000 - 0x00007ffbeec9e000 	C:\Windows\SYSTEM32\USERENV.dll
0x00007ffbee6b0000 - 0x00007ffbee6bc000 	C:\Windows\SYSTEM32\CRYPTBASE.dll
0x00007ffbee190000 - 0x00007ffbee1cb000 	C:\Windows\SYSTEM32\IPHLPAPI.DLL
0x00007ffbef910000 - 0x00007ffbef918000 	C:\Windows\System32\NSI.dll
0x00007ffbe5a50000 - 0x00007ffbe5a67000 	C:\Windows\SYSTEM32\dhcpcsvc6.DLL
0x00007ffbe5c50000 - 0x00007ffbe5c6d000 	C:\Windows\SYSTEM32\dhcpcsvc.DLL
0x00007ffbee1d0000 - 0x00007ffbee29b000 	C:\Windows\SYSTEM32\DNSAPI.dll
0x00007ffbe1d20000 - 0x00007ffbe1d2a000 	C:\Users\user\AppData\Local\Temp\jansi-1.17.1-1653557727485179024.dll

dbghelp: loaded successfully - version: 4.0.5 - missing functions: none
symbol engine: initialized successfully - sym options: 0x614 - pdb path: .;C:\Users\user\.jdks\corretto-11.0.18\bin;C:\Windows\SYSTEM32;C:\Program Files\Avast Software\Avast;C:\Windows\WinSxS\amd64_microsoft.windows.common-controls_6595b64144ccf1df_6.0.19041.1110_none_60b5254171f9507e;C:\Users\user\.jdks\corretto-11.0.18\bin\server;C:\Program Files\JetBrains\IntelliJ IDEA 2022.3.3\bin;C:\Users\user\AppData\Local\Temp

VM Arguments:
jvm_args: -Dmaven.multiModuleProjectDirectory=C:\NETOLOGY\java\continuousintegration -Djansi.passthrough=true -Dmaven.home=C:\Program Files\JetBrains\IntelliJ IDEA 2022.3.3\plugins\maven\lib\maven3 -Dclassworlds.conf=C:\Program Files\JetBrains\IntelliJ IDEA 2022.3.3\plugins\maven\lib\maven3\bin\m2.conf -Dmaven.ext.class.path=C:\Program Files\JetBrains\IntelliJ IDEA 2022.3.3\plugins\maven\lib\maven-event-listener.jar -javaagent:C:\Program Files\JetBrains\IntelliJ IDEA 2022.3.3\lib\idea_rt.jar=54111:C:\Program Files\JetBrains\IntelliJ IDEA 2022.3.3\bin -Dfile.encoding=UTF-8 
java_command: org.codehaus.classworlds.Launcher -Didea.version=2022.3.3 clean verify
java_class_path (initial): C:\Program Files\JetBrains\IntelliJ IDEA 2022.3.3\plugins\maven\lib\maven3\boot\plexus-classworlds-2.6.0.jar;C:\Program Files\JetBrains\IntelliJ IDEA 2022.3.3\plugins\maven\lib\maven3\boot\plexus-classworlds.license
Launcher Type: SUN_STANDARD

[Global flags]
     intx CICompilerCount                          = 3                                         {product} {ergonomic}
     uint ConcGCThreads                            = 1                                         {product} {ergonomic}
     uint G1ConcRefinementThreads                  = 4                                         {product} {ergonomic}
   size_t G1HeapRegionSize                         = 1048576                                   {product} {ergonomic}
    uintx GCDrainStackTargetSize                   = 64                                        {product} {ergonomic}
   size_t InitialHeapSize                          = 134217728                                 {product} {ergonomic}
   size_t MarkStackSize                            = 4194304                                   {product} {ergonomic}
   size_t MaxHeapSize                              = 2134900736                                {product} {ergonomic}
   size_t MaxNewSize                               = 1280311296                                {product} {ergonomic}
   size_t MinHeapDeltaBytes                        = 1048576                                   {product} {ergonomic}
    uintx NonNMethodCodeHeapSize                   = 5830732                                {pd product} {ergonomic}
    uintx NonProfiledCodeHeapSize                  = 122913754                              {pd product} {ergonomic}
    uintx ProfiledCodeHeapSize                     = 122913754                              {pd product} {ergonomic}
    uintx ReservedCodeCacheSize                    = 251658240                              {pd product} {ergonomic}
     bool SegmentedCodeCache                       = true                                      {product} {ergonomic}
     bool UseCompressedClassPointers               = true                                 {lp64_product} {ergonomic}
     bool UseCompressedOops                        = true                                 {lp64_product} {ergonomic}
     bool UseG1GC                                  = true                                      {product} {ergonomic}
     bool UseLargePagesIndividualAllocation        = false                                  {pd product} {ergonomic}

Logging:
Log output configuration:
 #0: stdout all=warning uptime,level,tags
 #1: stderr all=off uptime,level,tags

Environment Variables:
PATH=C:\Program Files\Eclipse Adoptium\jdk-11.0.18.10-hotspot\bin;C:\Windows\system32;C:\Windows;C:\Windows\System32\Wbem;C:\Windows\System32\WindowsPowerShell\v1.0\;C:\Windows\System32\OpenSSH\;C:\Program Files\7-Zip;C:\Program Files\Git\cmd;C:\Users\user\AppData\Local\Microsoft\WindowsApps;;C:\Users\user\AppData\Local\Programs\Microsoft VS Code\bin;C:\Program Files\JetBrains\IntelliJ IDEA 2022.3.3\bin;
USERNAME=user
OS=Windows_NT
PROCESSOR_IDENTIFIER=Intel64 Family 6 Model 42 Stepping 7, GenuineIntel
TMP=C:\Users\user\AppData\Local\Temp
TEMP=C:\Users\user\AppData\Local\Temp



---------------  S Y S T E M  ---------------

OS: Windows 10 , 64 bit Build 19041 (10.0.19041.1806)
OS uptime: 11 days 16:02 hours

CPU:total 4 (initial active 4) (2 cores per cpu, 2 threads per core) family 6 model 42 stepping 7 microcode 0x2f, cmov, cx8, fxsr, mmx, sse, sse2, sse3, ssse3, sse4.1, sse4.2, popcnt, avx, aes, clmul, ht, tsc, tscinvbit

Memory: 4k page, system-wide physical 8139M (1987M free)
TotalPageFile size 9419M (AvailPageFile size 1626M)
current process WorkingSet (physical memory assigned to process): 126M, peak: 127M
current process commit charge ("private bytes"): 246M, peak: 249M

vm_info: OpenJDK 64-Bit Server VM (11.0.18+10-LTS) for windows-amd64 JRE (11.0.18+10-LTS), built on Jan 10 2023 20:17:52 by "Administrator" with MS VC++ 15.9 (VS2017)

END.
